{"/home/runner/work/react-native-tcp-socket/react-native-tcp-socket/src/Globals.js": {"path":"/home/runner/work/react-native-tcp-socket/react-native-tcp-socket/src/Globals.js","statementMap":{"0":{"start":{"line":2,"column":16},"end":{"line":2,"column":40}},"1":{"start":{"line":4,"column":21},"end":{"line":4,"column":22}},"2":{"start":{"line":7,"column":4},"end":{"line":7,"column":28}},"3":{"start":{"line":10,"column":27},"end":{"line":10,"column":58}}},"fnMap":{"0":{"name":"getNextId","decl":{"start":{"line":6,"column":9},"end":{"line":6,"column":18}},"loc":{"start":{"line":6,"column":21},"end":{"line":8,"column":1}},"line":6}},"branchMap":{},"s":{"0":1,"1":1,"2":4,"3":1},"f":{"0":4},"b":{},"_coverageSchema":"1a1c01bbd47fc00a2c39e90264f33305004495a9","hash":"8cb15bee01bf57f8ac938fbc20fc9feb7945c83c"}
,"/home/runner/work/react-native-tcp-socket/react-native-tcp-socket/src/Server.js": {"path":"/home/runner/work/react-native-tcp-socket/react-native-tcp-socket/src/Server.js","statementMap":{"0":{"start":{"line":9,"column":16},"end":{"line":9,"column":40}},"1":{"start":{"line":36,"column":8},"end":{"line":36,"column":16}},"2":{"start":{"line":38,"column":8},"end":{"line":38,"column":31}},"3":{"start":{"line":40,"column":8},"end":{"line":40,"column":48}},"4":{"start":{"line":42,"column":8},"end":{"line":42,"column":38}},"5":{"start":{"line":44,"column":8},"end":{"line":44,"column":39}},"6":{"start":{"line":46,"column":8},"end":{"line":46,"column":36}},"7":{"start":{"line":48,"column":8},"end":{"line":48,"column":38}},"8":{"start":{"line":50,"column":8},"end":{"line":50,"column":33}},"9":{"start":{"line":51,"column":8},"end":{"line":51,"column":31}},"10":{"start":{"line":54,"column":8},"end":{"line":64,"column":9}},"11":{"start":{"line":56,"column":29},"end":{"line":56,"column":36}},"12":{"start":{"line":57,"column":12},"end":{"line":57,"column":44}},"13":{"start":{"line":58,"column":12},"end":{"line":58,"column":25}},"14":{"start":{"line":59,"column":15},"end":{"line":64,"column":9}},"15":{"start":{"line":60,"column":12},"end":{"line":60,"column":49}},"16":{"start":{"line":61,"column":12},"end":{"line":63,"column":13}},"17":{"start":{"line":62,"column":16},"end":{"line":62,"column":58}},"18":{"start":{"line":66,"column":8},"end":{"line":66,"column":31}},"19":{"start":{"line":67,"column":8},"end":{"line":67,"column":54}},"20":{"start":{"line":86,"column":8},"end":{"line":86,"column":91}},"21":{"start":{"line":86,"column":46},"end":{"line":86,"column":91}},"22":{"start":{"line":89,"column":28},"end":{"line":89,"column":56}},"23":{"start":{"line":94,"column":8},"end":{"line":115,"column":9}},"24":{"start":{"line":96,"column":12},"end":{"line":96,"column":41}},"25":{"start":{"line":97,"column":12},"end":{"line":102,"column":13}},"26":{"start":{"line":98,"column":16},"end":{"line":98,"column":54}},"27":{"start":{"line":99,"column":16},"end":{"line":99,"column":30}},"28":{"start":{"line":100,"column":19},"end":{"line":102,"column":13}},"29":{"start":{"line":101,"column":16},"end":{"line":101,"column":38}},"30":{"start":{"line":103,"column":15},"end":{"line":115,"column":9}},"31":{"start":{"line":105,"column":12},"end":{"line":109,"column":14}},"32":{"start":{"line":110,"column":12},"end":{"line":112,"column":13}},"33":{"start":{"line":111,"column":16},"end":{"line":111,"column":38}},"34":{"start":{"line":114,"column":12},"end":{"line":114,"column":73}},"35":{"start":{"line":118,"column":8},"end":{"line":120,"column":9}},"36":{"start":{"line":119,"column":12},"end":{"line":119,"column":39}},"37":{"start":{"line":122,"column":8},"end":{"line":124,"column":11}},"38":{"start":{"line":123,"column":12},"end":{"line":123,"column":34}},"39":{"start":{"line":126,"column":8},"end":{"line":126,"column":48}},"40":{"start":{"line":127,"column":8},"end":{"line":127,"column":20}},"41":{"start":{"line":139,"column":8},"end":{"line":139,"column":47}},"42":{"start":{"line":140,"column":8},"end":{"line":140,"column":20}},"43":{"start":{"line":153,"column":8},"end":{"line":156,"column":9}},"44":{"start":{"line":154,"column":12},"end":{"line":154,"column":60}},"45":{"start":{"line":155,"column":12},"end":{"line":155,"column":24}},"46":{"start":{"line":157,"column":8},"end":{"line":157,"column":51}},"47":{"start":{"line":157,"column":22},"end":{"line":157,"column":51}},"48":{"start":{"line":158,"column":8},"end":{"line":158,"column":31}},"49":{"start":{"line":159,"column":8},"end":{"line":159,"column":32}},"50":{"start":{"line":160,"column":8},"end":{"line":160,"column":61}},"51":{"start":{"line":160,"column":42},"end":{"line":160,"column":61}},"52":{"start":{"line":161,"column":8},"end":{"line":161,"column":20}},"53":{"start":{"line":172,"column":8},"end":{"line":172,"column":45}},"54":{"start":{"line":172,"column":33},"end":{"line":172,"column":45}},"55":{"start":{"line":173,"column":8},"end":{"line":173,"column":97}},"56":{"start":{"line":177,"column":8},"end":{"line":177,"column":90}},"57":{"start":{"line":178,"column":8},"end":{"line":178,"column":20}},"58":{"start":{"line":182,"column":8},"end":{"line":182,"column":92}},"59":{"start":{"line":183,"column":8},"end":{"line":183,"column":20}},"60":{"start":{"line":190,"column":8},"end":{"line":196,"column":11}},"61":{"start":{"line":191,"column":12},"end":{"line":191,"column":44}},"62":{"start":{"line":191,"column":37},"end":{"line":191,"column":44}},"63":{"start":{"line":192,"column":12},"end":{"line":192,"column":61}},"64":{"start":{"line":193,"column":12},"end":{"line":193,"column":55}},"65":{"start":{"line":194,"column":12},"end":{"line":194,"column":59}},"66":{"start":{"line":195,"column":12},"end":{"line":195,"column":35}},"67":{"start":{"line":197,"column":8},"end":{"line":201,"column":11}},"68":{"start":{"line":198,"column":12},"end":{"line":198,"column":44}},"69":{"start":{"line":198,"column":37},"end":{"line":198,"column":44}},"70":{"start":{"line":199,"column":12},"end":{"line":199,"column":25}},"71":{"start":{"line":200,"column":12},"end":{"line":200,"column":42}},"72":{"start":{"line":202,"column":8},"end":{"line":207,"column":11}},"73":{"start":{"line":203,"column":12},"end":{"line":203,"column":44}},"74":{"start":{"line":203,"column":37},"end":{"line":203,"column":44}},"75":{"start":{"line":204,"column":30},"end":{"line":204,"column":57}},"76":{"start":{"line":205,"column":12},"end":{"line":205,"column":43}},"77":{"start":{"line":206,"column":12},"end":{"line":206,"column":47}},"78":{"start":{"line":214,"column":8},"end":{"line":214,"column":39}},"79":{"start":{"line":215,"column":8},"end":{"line":215,"column":36}},"80":{"start":{"line":216,"column":8},"end":{"line":216,"column":38}},"81":{"start":{"line":225,"column":8},"end":{"line":228,"column":11}},"82":{"start":{"line":226,"column":12},"end":{"line":226,"column":45}},"83":{"start":{"line":227,"column":12},"end":{"line":227,"column":84}},"84":{"start":{"line":227,"column":65},"end":{"line":227,"column":84}},"85":{"start":{"line":229,"column":8},"end":{"line":229,"column":38}},"86":{"start":{"line":238,"column":26},"end":{"line":238,"column":38}},"87":{"start":{"line":239,"column":8},"end":{"line":239,"column":34}},"88":{"start":{"line":240,"column":8},"end":{"line":240,"column":49}},"89":{"start":{"line":243,"column":8},"end":{"line":252,"column":9}},"90":{"start":{"line":244,"column":12},"end":{"line":246,"column":13}},"91":{"start":{"line":245,"column":16},"end":{"line":245,"column":66}},"92":{"start":{"line":248,"column":12},"end":{"line":251,"column":13}},"93":{"start":{"line":249,"column":39},"end":{"line":249,"column":85}},"94":{"start":{"line":250,"column":16},"end":{"line":250,"column":86}},"95":{"start":{"line":254,"column":8},"end":{"line":254,"column":25}},"96":{"start":{"line":263,"column":8},"end":{"line":265,"column":9}},"97":{"start":{"line":264,"column":12},"end":{"line":264,"column":59}},"98":{"start":{"line":267,"column":8},"end":{"line":270,"column":9}},"99":{"start":{"line":268,"column":35},"end":{"line":268,"column":81}},"100":{"start":{"line":269,"column":12},"end":{"line":269,"column":79}}},"fnMap":{"0":{"name":"(anonymous_0)","decl":{"start":{"line":35,"column":4},"end":{"line":35,"column":5}},"loc":{"start":{"line":35,"column":45},"end":{"line":68,"column":5}},"line":35},"1":{"name":"(anonymous_1)","decl":{"start":{"line":85,"column":4},"end":{"line":85,"column":5}},"loc":{"start":{"line":85,"column":48},"end":{"line":128,"column":5}},"line":85},"2":{"name":"(anonymous_2)","decl":{"start":{"line":122,"column":31},"end":{"line":122,"column":32}},"loc":{"start":{"line":122,"column":37},"end":{"line":124,"column":9}},"line":122},"3":{"name":"(anonymous_3)","decl":{"start":{"line":138,"column":4},"end":{"line":138,"column":5}},"loc":{"start":{"line":138,"column":29},"end":{"line":141,"column":5}},"line":138},"4":{"name":"(anonymous_4)","decl":{"start":{"line":152,"column":4},"end":{"line":152,"column":5}},"loc":{"start":{"line":152,"column":20},"end":{"line":162,"column":5}},"line":152},"5":{"name":"(anonymous_5)","decl":{"start":{"line":171,"column":4},"end":{"line":171,"column":5}},"loc":{"start":{"line":171,"column":14},"end":{"line":174,"column":5}},"line":171},"6":{"name":"(anonymous_6)","decl":{"start":{"line":176,"column":4},"end":{"line":176,"column":5}},"loc":{"start":{"line":176,"column":10},"end":{"line":179,"column":5}},"line":176},"7":{"name":"(anonymous_7)","decl":{"start":{"line":181,"column":4},"end":{"line":181,"column":5}},"loc":{"start":{"line":181,"column":12},"end":{"line":184,"column":5}},"line":181},"8":{"name":"(anonymous_8)","decl":{"start":{"line":189,"column":4},"end":{"line":189,"column":5}},"loc":{"start":{"line":189,"column":22},"end":{"line":208,"column":5}},"line":189},"9":{"name":"(anonymous_9)","decl":{"start":{"line":190,"column":78},"end":{"line":190,"column":79}},"loc":{"start":{"line":190,"column":87},"end":{"line":196,"column":9}},"line":190},"10":{"name":"(anonymous_10)","decl":{"start":{"line":197,"column":70},"end":{"line":197,"column":71}},"loc":{"start":{"line":197,"column":79},"end":{"line":201,"column":9}},"line":197},"11":{"name":"(anonymous_11)","decl":{"start":{"line":202,"column":81},"end":{"line":202,"column":82}},"loc":{"start":{"line":202,"column":90},"end":{"line":207,"column":9}},"line":202},"12":{"name":"(anonymous_12)","decl":{"start":{"line":213,"column":4},"end":{"line":213,"column":5}},"loc":{"start":{"line":213,"column":23},"end":{"line":217,"column":5}},"line":213},"13":{"name":"(anonymous_13)","decl":{"start":{"line":223,"column":4},"end":{"line":223,"column":5}},"loc":{"start":{"line":223,"column":27},"end":{"line":230,"column":5}},"line":223},"14":{"name":"(anonymous_14)","decl":{"start":{"line":225,"column":27},"end":{"line":225,"column":28}},"loc":{"start":{"line":225,"column":33},"end":{"line":228,"column":9}},"line":225},"15":{"name":"(anonymous_15)","decl":{"start":{"line":237,"column":4},"end":{"line":237,"column":5}},"loc":{"start":{"line":237,"column":23},"end":{"line":255,"column":5}},"line":237},"16":{"name":"(anonymous_16)","decl":{"start":{"line":262,"column":4},"end":{"line":262,"column":5}},"loc":{"start":{"line":262,"column":32},"end":{"line":271,"column":5}},"line":262}},"branchMap":{"0":{"loc":{"start":{"line":54,"column":8},"end":{"line":64,"column":9}},"type":"if","locations":[{"start":{"line":54,"column":8},"end":{"line":64,"column":9}},{"start":{"line":54,"column":8},"end":{"line":64,"column":9}}],"line":54},"1":{"loc":{"start":{"line":59,"column":15},"end":{"line":64,"column":9}},"type":"if","locations":[{"start":{"line":59,"column":15},"end":{"line":64,"column":9}},{"start":{"line":59,"column":15},"end":{"line":64,"column":9}}],"line":59},"2":{"loc":{"start":{"line":59,"column":19},"end":{"line":59,"column":57}},"type":"binary-expr","locations":[{"start":{"line":59,"column":19},"end":{"line":59,"column":26}},{"start":{"line":59,"column":30},"end":{"line":59,"column":57}}],"line":59},"3":{"loc":{"start":{"line":61,"column":12},"end":{"line":63,"column":13}},"type":"if","locations":[{"start":{"line":61,"column":12},"end":{"line":63,"column":13}},{"start":{"line":61,"column":12},"end":{"line":63,"column":13}}],"line":61},"4":{"loc":{"start":{"line":86,"column":8},"end":{"line":86,"column":91}},"type":"if","locations":[{"start":{"line":86,"column":8},"end":{"line":86,"column":91}},{"start":{"line":86,"column":8},"end":{"line":86,"column":91}}],"line":86},"5":{"loc":{"start":{"line":94,"column":8},"end":{"line":115,"column":9}},"type":"if","locations":[{"start":{"line":94,"column":8},"end":{"line":115,"column":9}},{"start":{"line":94,"column":8},"end":{"line":115,"column":9}}],"line":94},"6":{"loc":{"start":{"line":97,"column":12},"end":{"line":102,"column":13}},"type":"if","locations":[{"start":{"line":97,"column":12},"end":{"line":102,"column":13}},{"start":{"line":97,"column":12},"end":{"line":102,"column":13}}],"line":97},"7":{"loc":{"start":{"line":100,"column":19},"end":{"line":102,"column":13}},"type":"if","locations":[{"start":{"line":100,"column":19},"end":{"line":102,"column":13}},{"start":{"line":100,"column":19},"end":{"line":102,"column":13}}],"line":100},"8":{"loc":{"start":{"line":103,"column":15},"end":{"line":115,"column":9}},"type":"if","locations":[{"start":{"line":103,"column":15},"end":{"line":115,"column":9}},{"start":{"line":103,"column":15},"end":{"line":115,"column":9}}],"line":103},"9":{"loc":{"start":{"line":107,"column":22},"end":{"line":107,"column":47}},"type":"binary-expr","locations":[{"start":{"line":107,"column":22},"end":{"line":107,"column":34}},{"start":{"line":107,"column":38},"end":{"line":107,"column":47}}],"line":107},"10":{"loc":{"start":{"line":110,"column":12},"end":{"line":112,"column":13}},"type":"if","locations":[{"start":{"line":110,"column":12},"end":{"line":112,"column":13}},{"start":{"line":110,"column":12},"end":{"line":112,"column":13}}],"line":110},"11":{"loc":{"start":{"line":118,"column":8},"end":{"line":120,"column":9}},"type":"if","locations":[{"start":{"line":118,"column":8},"end":{"line":120,"column":9}},{"start":{"line":118,"column":8},"end":{"line":120,"column":9}}],"line":118},"12":{"loc":{"start":{"line":153,"column":8},"end":{"line":156,"column":9}},"type":"if","locations":[{"start":{"line":153,"column":8},"end":{"line":156,"column":9}},{"start":{"line":153,"column":8},"end":{"line":156,"column":9}}],"line":153},"13":{"loc":{"start":{"line":157,"column":8},"end":{"line":157,"column":51}},"type":"if","locations":[{"start":{"line":157,"column":8},"end":{"line":157,"column":51}},{"start":{"line":157,"column":8},"end":{"line":157,"column":51}}],"line":157},"14":{"loc":{"start":{"line":160,"column":8},"end":{"line":160,"column":61}},"type":"if","locations":[{"start":{"line":160,"column":8},"end":{"line":160,"column":61}},{"start":{"line":160,"column":8},"end":{"line":160,"column":61}}],"line":160},"15":{"loc":{"start":{"line":172,"column":8},"end":{"line":172,"column":45}},"type":"if","locations":[{"start":{"line":172,"column":8},"end":{"line":172,"column":45}},{"start":{"line":172,"column":8},"end":{"line":172,"column":45}}],"line":172},"16":{"loc":{"start":{"line":191,"column":12},"end":{"line":191,"column":44}},"type":"if","locations":[{"start":{"line":191,"column":12},"end":{"line":191,"column":44}},{"start":{"line":191,"column":12},"end":{"line":191,"column":44}}],"line":191},"17":{"loc":{"start":{"line":198,"column":12},"end":{"line":198,"column":44}},"type":"if","locations":[{"start":{"line":198,"column":12},"end":{"line":198,"column":44}},{"start":{"line":198,"column":12},"end":{"line":198,"column":44}}],"line":198},"18":{"loc":{"start":{"line":203,"column":12},"end":{"line":203,"column":44}},"type":"if","locations":[{"start":{"line":203,"column":12},"end":{"line":203,"column":44}},{"start":{"line":203,"column":12},"end":{"line":203,"column":44}}],"line":203},"19":{"loc":{"start":{"line":227,"column":12},"end":{"line":227,"column":84}},"type":"if","locations":[{"start":{"line":227,"column":12},"end":{"line":227,"column":84}},{"start":{"line":227,"column":12},"end":{"line":227,"column":84}}],"line":227},"20":{"loc":{"start":{"line":227,"column":16},"end":{"line":227,"column":63}},"type":"binary-expr","locations":[{"start":{"line":227,"column":16},"end":{"line":227,"column":31}},{"start":{"line":227,"column":35},"end":{"line":227,"column":63}}],"line":227},"21":{"loc":{"start":{"line":243,"column":8},"end":{"line":252,"column":9}},"type":"if","locations":[{"start":{"line":243,"column":8},"end":{"line":252,"column":9}},{"start":{"line":243,"column":8},"end":{"line":252,"column":9}}],"line":243},"22":{"loc":{"start":{"line":244,"column":12},"end":{"line":246,"column":13}},"type":"if","locations":[{"start":{"line":244,"column":12},"end":{"line":246,"column":13}},{"start":{"line":244,"column":12},"end":{"line":246,"column":13}}],"line":244},"23":{"loc":{"start":{"line":248,"column":12},"end":{"line":251,"column":13}},"type":"if","locations":[{"start":{"line":248,"column":12},"end":{"line":251,"column":13}},{"start":{"line":248,"column":12},"end":{"line":251,"column":13}}],"line":248},"24":{"loc":{"start":{"line":249,"column":39},"end":{"line":249,"column":85}},"type":"binary-expr","locations":[{"start":{"line":249,"column":39},"end":{"line":249,"column":80}},{"start":{"line":249,"column":84},"end":{"line":249,"column":85}}],"line":249},"25":{"loc":{"start":{"line":263,"column":8},"end":{"line":265,"column":9}},"type":"if","locations":[{"start":{"line":263,"column":8},"end":{"line":265,"column":9}},{"start":{"line":263,"column":8},"end":{"line":265,"column":9}}],"line":263},"26":{"loc":{"start":{"line":267,"column":8},"end":{"line":270,"column":9}},"type":"if","locations":[{"start":{"line":267,"column":8},"end":{"line":270,"column":9}},{"start":{"line":267,"column":8},"end":{"line":270,"column":9}}],"line":267},"27":{"loc":{"start":{"line":268,"column":35},"end":{"line":268,"column":81}},"type":"binary-expr","locations":[{"start":{"line":268,"column":35},"end":{"line":268,"column":76}},{"start":{"line":268,"column":80},"end":{"line":268,"column":81}}],"line":268}},"s":{"0":1,"1":3,"2":3,"3":3,"4":3,"5":3,"6":3,"7":3,"8":3,"9":3,"10":3,"11":1,"12":1,"13":1,"14":2,"15":2,"16":2,"17":1,"18":3,"19":3,"20":0,"21":0,"22":0,"23":0,"24":0,"25":0,"26":0,"27":0,"28":0,"29":0,"30":0,"31":0,"32":0,"33":0,"34":0,"35":0,"36":0,"37":0,"38":0,"39":0,"40":0,"41":0,"42":0,"43":0,"44":0,"45":0,"46":0,"47":0,"48":0,"49":0,"50":0,"51":0,"52":0,"53":0,"54":0,"55":0,"56":0,"57":0,"58":0,"59":0,"60":3,"61":0,"62":0,"63":0,"64":0,"65":0,"66":0,"67":3,"68":0,"69":0,"70":0,"71":0,"72":3,"73":0,"74":0,"75":0,"76":0,"77":0,"78":0,"79":0,"80":0,"81":0,"82":0,"83":0,"84":0,"85":0,"86":0,"87":0,"88":0,"89":0,"90":0,"91":0,"92":0,"93":0,"94":0,"95":0,"96":0,"97":0,"98":0,"99":0,"100":0},"f":{"0":3,"1":0,"2":0,"3":0,"4":0,"5":0,"6":0,"7":0,"8":3,"9":0,"10":0,"11":0,"12":0,"13":0,"14":0,"15":0,"16":0},"b":{"0":[1,2],"1":[2,0],"2":[2,2],"3":[1,1],"4":[0,0],"5":[0,0],"6":[0,0],"7":[0,0],"8":[0,0],"9":[0,0],"10":[0,0],"11":[0,0],"12":[0,0],"13":[0,0],"14":[0,0],"15":[0,0],"16":[0,0],"17":[0,0],"18":[0,0],"19":[0,0],"20":[0,0],"21":[0,0],"22":[0,0],"23":[0,0],"24":[0,0],"25":[0,0],"26":[0,0],"27":[0,0]},"_coverageSchema":"1a1c01bbd47fc00a2c39e90264f33305004495a9","hash":"92f45b2baf45e9287f6c10525c7d3be1baf9d192"}
,"/home/runner/work/react-native-tcp-socket/react-native-tcp-socket/src/Socket.js": {"path":"/home/runner/work/react-native-tcp-socket/react-native-tcp-socket/src/Socket.js","statementMap":{"0":{"start":{"line":6,"column":16},"end":{"line":6,"column":40}},"1":{"start":{"line":51,"column":8},"end":{"line":51,"column":16}},"2":{"start":{"line":53,"column":8},"end":{"line":53,"column":31}},"3":{"start":{"line":55,"column":8},"end":{"line":55,"column":48}},"4":{"start":{"line":57,"column":8},"end":{"line":57,"column":49}},"5":{"start":{"line":59,"column":8},"end":{"line":59,"column":31}},"6":{"start":{"line":61,"column":8},"end":{"line":61,"column":34}},"7":{"start":{"line":63,"column":8},"end":{"line":63,"column":35}},"8":{"start":{"line":65,"column":8},"end":{"line":65,"column":24}},"9":{"start":{"line":67,"column":8},"end":{"line":67,"column":57}},"10":{"start":{"line":69,"column":8},"end":{"line":69,"column":32}},"11":{"start":{"line":71,"column":8},"end":{"line":71,"column":29}},"12":{"start":{"line":73,"column":8},"end":{"line":73,"column":31}},"13":{"start":{"line":75,"column":8},"end":{"line":75,"column":34}},"14":{"start":{"line":77,"column":8},"end":{"line":77,"column":28}},"15":{"start":{"line":79,"column":8},"end":{"line":79,"column":31}},"16":{"start":{"line":81,"column":8},"end":{"line":81,"column":33}},"17":{"start":{"line":83,"column":8},"end":{"line":83,"column":29}},"18":{"start":{"line":85,"column":8},"end":{"line":85,"column":32}},"19":{"start":{"line":88,"column":8},"end":{"line":88,"column":34}},"20":{"start":{"line":90,"column":8},"end":{"line":90,"column":36}},"21":{"start":{"line":91,"column":8},"end":{"line":91,"column":43}},"22":{"start":{"line":92,"column":8},"end":{"line":92,"column":43}},"23":{"start":{"line":93,"column":8},"end":{"line":93,"column":39}},"24":{"start":{"line":94,"column":8},"end":{"line":94,"column":38}},"25":{"start":{"line":95,"column":8},"end":{"line":95,"column":35}},"26":{"start":{"line":96,"column":8},"end":{"line":96,"column":39}},"27":{"start":{"line":97,"column":8},"end":{"line":97,"column":36}},"28":{"start":{"line":98,"column":8},"end":{"line":98,"column":38}},"29":{"start":{"line":99,"column":8},"end":{"line":99,"column":31}},"30":{"start":{"line":103,"column":8},"end":{"line":103,"column":32}},"31":{"start":{"line":107,"column":8},"end":{"line":107,"column":31}},"32":{"start":{"line":111,"column":8},"end":{"line":111,"column":29}},"33":{"start":{"line":115,"column":8},"end":{"line":115,"column":32}},"34":{"start":{"line":119,"column":8},"end":{"line":119,"column":34}},"35":{"start":{"line":123,"column":8},"end":{"line":123,"column":31}},"36":{"start":{"line":127,"column":8},"end":{"line":127,"column":29}},"37":{"start":{"line":135,"column":8},"end":{"line":135,"column":22}},"38":{"start":{"line":136,"column":8},"end":{"line":136,"column":31}},"39":{"start":{"line":144,"column":8},"end":{"line":144,"column":33}},"40":{"start":{"line":145,"column":8},"end":{"line":145,"column":34}},"41":{"start":{"line":146,"column":8},"end":{"line":146,"column":30}},"42":{"start":{"line":147,"column":8},"end":{"line":147,"column":56}},"43":{"start":{"line":148,"column":8},"end":{"line":148,"column":50}},"44":{"start":{"line":149,"column":8},"end":{"line":149,"column":58}},"45":{"start":{"line":150,"column":8},"end":{"line":150,"column":56}},"46":{"start":{"line":151,"column":8},"end":{"line":151,"column":52}},"47":{"start":{"line":159,"column":30},"end":{"line":159,"column":44}},"48":{"start":{"line":161,"column":8},"end":{"line":161,"column":63}},"49":{"start":{"line":162,"column":8},"end":{"line":162,"column":61}},"50":{"start":{"line":163,"column":8},"end":{"line":165,"column":11}},"51":{"start":{"line":164,"column":12},"end":{"line":164,"column":37}},"52":{"start":{"line":164,"column":26},"end":{"line":164,"column":37}},"53":{"start":{"line":166,"column":8},"end":{"line":166,"column":32}},"54":{"start":{"line":167,"column":8},"end":{"line":167,"column":37}},"55":{"start":{"line":168,"column":8},"end":{"line":168,"column":89}},"56":{"start":{"line":169,"column":8},"end":{"line":169,"column":20}},"57":{"start":{"line":186,"column":8},"end":{"line":186,"column":37}},"58":{"start":{"line":187,"column":8},"end":{"line":191,"column":9}},"59":{"start":{"line":188,"column":12},"end":{"line":188,"column":33}},"60":{"start":{"line":190,"column":12},"end":{"line":190,"column":33}},"61":{"start":{"line":192,"column":8},"end":{"line":192,"column":53}},"62":{"start":{"line":192,"column":22},"end":{"line":192,"column":53}},"63":{"start":{"line":193,"column":8},"end":{"line":193,"column":20}},"64":{"start":{"line":200,"column":8},"end":{"line":206,"column":9}},"65":{"start":{"line":201,"column":12},"end":{"line":201,"column":33}},"66":{"start":{"line":202,"column":12},"end":{"line":205,"column":35}},"67":{"start":{"line":203,"column":16},"end":{"line":203,"column":37}},"68":{"start":{"line":204,"column":16},"end":{"line":204,"column":37}},"69":{"start":{"line":213,"column":8},"end":{"line":216,"column":9}},"70":{"start":{"line":214,"column":12},"end":{"line":214,"column":40}},"71":{"start":{"line":215,"column":12},"end":{"line":215,"column":38}},"72":{"start":{"line":229,"column":8},"end":{"line":229,"column":34}},"73":{"start":{"line":230,"column":8},"end":{"line":230,"column":20}},"74":{"start":{"line":243,"column":8},"end":{"line":246,"column":9}},"75":{"start":{"line":244,"column":12},"end":{"line":244,"column":65}},"76":{"start":{"line":244,"column":39},"end":{"line":244,"column":63}},"77":{"start":{"line":245,"column":12},"end":{"line":245,"column":24}},"78":{"start":{"line":247,"column":8},"end":{"line":247,"column":46}},"79":{"start":{"line":248,"column":8},"end":{"line":248,"column":20}},"80":{"start":{"line":260,"column":8},"end":{"line":263,"column":9}},"81":{"start":{"line":261,"column":12},"end":{"line":261,"column":80}},"82":{"start":{"line":261,"column":39},"end":{"line":261,"column":78}},"83":{"start":{"line":262,"column":12},"end":{"line":262,"column":24}},"84":{"start":{"line":265,"column":8},"end":{"line":269,"column":9}},"85":{"start":{"line":266,"column":12},"end":{"line":268,"column":14}},"86":{"start":{"line":271,"column":8},"end":{"line":271,"column":73}},"87":{"start":{"line":272,"column":8},"end":{"line":272,"column":20}},"88":{"start":{"line":282,"column":8},"end":{"line":282,"column":42}},"89":{"start":{"line":282,"column":32},"end":{"line":282,"column":42}},"90":{"start":{"line":283,"column":8},"end":{"line":283,"column":95}},"91":{"start":{"line":293,"column":8},"end":{"line":298,"column":9}},"92":{"start":{"line":294,"column":12},"end":{"line":296,"column":15}},"93":{"start":{"line":295,"column":16},"end":{"line":295,"column":38}},"94":{"start":{"line":297,"column":12},"end":{"line":297,"column":24}},"95":{"start":{"line":299,"column":8},"end":{"line":299,"column":58}},"96":{"start":{"line":299,"column":46},"end":{"line":299,"column":58}},"97":{"start":{"line":301,"column":8},"end":{"line":301,"column":29}},"98":{"start":{"line":302,"column":8},"end":{"line":302,"column":30}},"99":{"start":{"line":303,"column":8},"end":{"line":303,"column":20}},"100":{"start":{"line":310,"column":8},"end":{"line":310,"column":41}},"101":{"start":{"line":310,"column":29},"end":{"line":310,"column":41}},"102":{"start":{"line":311,"column":8},"end":{"line":311,"column":31}},"103":{"start":{"line":312,"column":8},"end":{"line":312,"column":29}},"104":{"start":{"line":313,"column":8},"end":{"line":313,"column":34}},"105":{"start":{"line":314,"column":8},"end":{"line":314,"column":20}},"106":{"start":{"line":332,"column":8},"end":{"line":332,"column":83}},"107":{"start":{"line":332,"column":46},"end":{"line":332,"column":83}},"108":{"start":{"line":334,"column":32},"end":{"line":334,"column":74}},"109":{"start":{"line":335,"column":8},"end":{"line":335,"column":60}},"110":{"start":{"line":336,"column":29},"end":{"line":336,"column":40}},"111":{"start":{"line":337,"column":8},"end":{"line":337,"column":66}},"112":{"start":{"line":338,"column":30},"end":{"line":354,"column":9}},"113":{"start":{"line":339,"column":35},"end":{"line":339,"column":38}},"114":{"start":{"line":340,"column":12},"end":{"line":353,"column":13}},"115":{"start":{"line":341,"column":16},"end":{"line":341,"column":77}},"116":{"start":{"line":342,"column":16},"end":{"line":342,"column":68}},"117":{"start":{"line":343,"column":16},"end":{"line":343,"column":43}},"118":{"start":{"line":344,"column":16},"end":{"line":344,"column":37}},"119":{"start":{"line":345,"column":16},"end":{"line":348,"column":17}},"120":{"start":{"line":346,"column":20},"end":{"line":346,"column":51}},"121":{"start":{"line":347,"column":20},"end":{"line":347,"column":39}},"122":{"start":{"line":349,"column":16},"end":{"line":352,"column":17}},"123":{"start":{"line":350,"column":20},"end":{"line":351,"column":30}},"124":{"start":{"line":350,"column":29},"end":{"line":350,"column":48}},"125":{"start":{"line":351,"column":25},"end":{"line":351,"column":30}},"126":{"start":{"line":356,"column":8},"end":{"line":356,"column":63}},"127":{"start":{"line":357,"column":19},"end":{"line":357,"column":69}},"128":{"start":{"line":358,"column":8},"end":{"line":358,"column":47}},"129":{"start":{"line":358,"column":17},"end":{"line":358,"column":47}},"130":{"start":{"line":359,"column":8},"end":{"line":359,"column":43}},"131":{"start":{"line":360,"column":8},"end":{"line":360,"column":57}},"132":{"start":{"line":361,"column":8},"end":{"line":361,"column":82}},"133":{"start":{"line":362,"column":8},"end":{"line":362,"column":18}},"134":{"start":{"line":369,"column":8},"end":{"line":369,"column":33}},"135":{"start":{"line":369,"column":26},"end":{"line":369,"column":33}},"136":{"start":{"line":370,"column":8},"end":{"line":370,"column":28}},"137":{"start":{"line":371,"column":8},"end":{"line":371,"column":32}},"138":{"start":{"line":372,"column":8},"end":{"line":372,"column":27}},"139":{"start":{"line":379,"column":8},"end":{"line":379,"column":34}},"140":{"start":{"line":379,"column":27},"end":{"line":379,"column":34}},"141":{"start":{"line":380,"column":8},"end":{"line":380,"column":29}},"142":{"start":{"line":381,"column":8},"end":{"line":381,"column":28}},"143":{"start":{"line":382,"column":8},"end":{"line":382,"column":44}},"144":{"start":{"line":386,"column":8},"end":{"line":386,"column":90}},"145":{"start":{"line":390,"column":8},"end":{"line":390,"column":92}},"146":{"start":{"line":397,"column":8},"end":{"line":397,"column":35}},"147":{"start":{"line":397,"column":28},"end":{"line":397,"column":35}},"148":{"start":{"line":398,"column":8},"end":{"line":398,"column":30}},"149":{"start":{"line":399,"column":8},"end":{"line":428,"column":9}},"150":{"start":{"line":401,"column":30},"end":{"line":401,"column":32}},"151":{"start":{"line":402,"column":28},"end":{"line":402,"column":29}},"152":{"start":{"line":403,"column":20},"end":{"line":403,"column":21}},"153":{"start":{"line":404,"column":12},"end":{"line":415,"column":13}},"154":{"start":{"line":405,"column":32},"end":{"line":405,"column":85}},"155":{"start":{"line":406,"column":16},"end":{"line":406,"column":48}},"156":{"start":{"line":407,"column":16},"end":{"line":414,"column":17}},"157":{"start":{"line":408,"column":20},"end":{"line":408,"column":44}},"158":{"start":{"line":410,"column":39},"end":{"line":410,"column":77}},"159":{"start":{"line":411,"column":20},"end":{"line":411,"column":65}},"160":{"start":{"line":412,"column":20},"end":{"line":412,"column":98}},"161":{"start":{"line":413,"column":20},"end":{"line":413,"column":26}},"162":{"start":{"line":417,"column":24},"end":{"line":420,"column":13}},"163":{"start":{"line":422,"column":12},"end":{"line":422,"column":69}},"164":{"start":{"line":423,"column":12},"end":{"line":423,"column":39}},"165":{"start":{"line":424,"column":12},"end":{"line":427,"column":13}},"166":{"start":{"line":425,"column":16},"end":{"line":425,"column":39}},"167":{"start":{"line":426,"column":16},"end":{"line":426,"column":23}},"168":{"start":{"line":429,"column":8},"end":{"line":429,"column":31}},"169":{"start":{"line":430,"column":8},"end":{"line":430,"column":33}},"170":{"start":{"line":436,"column":23},"end":{"line":448,"column":5}},"171":{"start":{"line":437,"column":8},"end":{"line":437,"column":40}},"172":{"start":{"line":437,"column":33},"end":{"line":437,"column":40}},"173":{"start":{"line":438,"column":8},"end":{"line":438,"column":29}},"174":{"start":{"line":439,"column":8},"end":{"line":447,"column":9}},"175":{"start":{"line":440,"column":31},"end":{"line":440,"column":62}},"176":{"start":{"line":441,"column":12},"end":{"line":441,"column":53}},"177":{"start":{"line":442,"column":30},"end":{"line":442,"column":95}},"178":{"start":{"line":443,"column":12},"end":{"line":443,"column":41}},"179":{"start":{"line":446,"column":12},"end":{"line":446,"column":45}},"180":{"start":{"line":454,"column":8},"end":{"line":454,"column":33}},"181":{"start":{"line":455,"column":8},"end":{"line":455,"column":91}},"182":{"start":{"line":456,"column":8},"end":{"line":460,"column":11}},"183":{"start":{"line":457,"column":12},"end":{"line":457,"column":44}},"184":{"start":{"line":457,"column":37},"end":{"line":457,"column":44}},"185":{"start":{"line":458,"column":12},"end":{"line":458,"column":27}},"186":{"start":{"line":459,"column":12},"end":{"line":459,"column":42}},"187":{"start":{"line":461,"column":8},"end":{"line":465,"column":11}},"188":{"start":{"line":462,"column":12},"end":{"line":462,"column":44}},"189":{"start":{"line":462,"column":37},"end":{"line":462,"column":44}},"190":{"start":{"line":463,"column":12},"end":{"line":463,"column":36}},"191":{"start":{"line":464,"column":12},"end":{"line":464,"column":42}},"192":{"start":{"line":466,"column":8},"end":{"line":470,"column":11}},"193":{"start":{"line":467,"column":12},"end":{"line":467,"column":44}},"194":{"start":{"line":467,"column":37},"end":{"line":467,"column":44}},"195":{"start":{"line":468,"column":12},"end":{"line":468,"column":47}},"196":{"start":{"line":469,"column":12},"end":{"line":469,"column":33}},"197":{"start":{"line":471,"column":8},"end":{"line":474,"column":11}},"198":{"start":{"line":472,"column":12},"end":{"line":472,"column":44}},"199":{"start":{"line":472,"column":37},"end":{"line":472,"column":44}},"200":{"start":{"line":473,"column":12},"end":{"line":473,"column":53}},"201":{"start":{"line":481,"column":8},"end":{"line":481,"column":37}},"202":{"start":{"line":482,"column":8},"end":{"line":482,"column":38}},"203":{"start":{"line":483,"column":8},"end":{"line":483,"column":38}},"204":{"start":{"line":484,"column":8},"end":{"line":484,"column":40}},"205":{"start":{"line":485,"column":8},"end":{"line":485,"column":40}},"206":{"start":{"line":494,"column":8},"end":{"line":504,"column":9}},"207":{"start":{"line":495,"column":12},"end":{"line":495,"column":49}},"208":{"start":{"line":496,"column":15},"end":{"line":504,"column":9}},"209":{"start":{"line":497,"column":12},"end":{"line":497,"column":26}},"210":{"start":{"line":498,"column":15},"end":{"line":504,"column":9}},"211":{"start":{"line":499,"column":12},"end":{"line":499,"column":39}},"212":{"start":{"line":501,"column":12},"end":{"line":503,"column":14}},"213":{"start":{"line":511,"column":8},"end":{"line":511,"column":33}}},"fnMap":{"0":{"name":"(anonymous_0)","decl":{"start":{"line":50,"column":4},"end":{"line":50,"column":5}},"loc":{"start":{"line":50,"column":18},"end":{"line":100,"column":5}},"line":50},"1":{"name":"(anonymous_1)","decl":{"start":{"line":102,"column":4},"end":{"line":102,"column":5}},"loc":{"start":{"line":102,"column":21},"end":{"line":104,"column":5}},"line":102},"2":{"name":"(anonymous_2)","decl":{"start":{"line":106,"column":4},"end":{"line":106,"column":5}},"loc":{"start":{"line":106,"column":20},"end":{"line":108,"column":5}},"line":106},"3":{"name":"(anonymous_3)","decl":{"start":{"line":110,"column":4},"end":{"line":110,"column":5}},"loc":{"start":{"line":110,"column":18},"end":{"line":112,"column":5}},"line":110},"4":{"name":"(anonymous_4)","decl":{"start":{"line":114,"column":4},"end":{"line":114,"column":5}},"loc":{"start":{"line":114,"column":21},"end":{"line":116,"column":5}},"line":114},"5":{"name":"(anonymous_5)","decl":{"start":{"line":118,"column":4},"end":{"line":118,"column":5}},"loc":{"start":{"line":118,"column":23},"end":{"line":120,"column":5}},"line":118},"6":{"name":"(anonymous_6)","decl":{"start":{"line":122,"column":4},"end":{"line":122,"column":5}},"loc":{"start":{"line":122,"column":20},"end":{"line":124,"column":5}},"line":122},"7":{"name":"(anonymous_7)","decl":{"start":{"line":126,"column":4},"end":{"line":126,"column":5}},"loc":{"start":{"line":126,"column":18},"end":{"line":128,"column":5}},"line":126},"8":{"name":"(anonymous_8)","decl":{"start":{"line":134,"column":4},"end":{"line":134,"column":5}},"loc":{"start":{"line":134,"column":15},"end":{"line":137,"column":5}},"line":134},"9":{"name":"(anonymous_9)","decl":{"start":{"line":143,"column":4},"end":{"line":143,"column":5}},"loc":{"start":{"line":143,"column":34},"end":{"line":152,"column":5}},"line":143},"10":{"name":"(anonymous_10)","decl":{"start":{"line":158,"column":4},"end":{"line":158,"column":5}},"loc":{"start":{"line":158,"column":31},"end":{"line":170,"column":5}},"line":158},"11":{"name":"(anonymous_11)","decl":{"start":{"line":163,"column":29},"end":{"line":163,"column":30}},"loc":{"start":{"line":163,"column":35},"end":{"line":165,"column":9}},"line":163},"12":{"name":"(anonymous_12)","decl":{"start":{"line":185,"column":4},"end":{"line":185,"column":5}},"loc":{"start":{"line":185,"column":34},"end":{"line":194,"column":5}},"line":185},"13":{"name":"(anonymous_13)","decl":{"start":{"line":199,"column":4},"end":{"line":199,"column":5}},"loc":{"start":{"line":199,"column":20},"end":{"line":207,"column":5}},"line":199},"14":{"name":"(anonymous_14)","decl":{"start":{"line":202,"column":39},"end":{"line":202,"column":40}},"loc":{"start":{"line":202,"column":45},"end":{"line":205,"column":13}},"line":202},"15":{"name":"(anonymous_15)","decl":{"start":{"line":212,"column":4},"end":{"line":212,"column":5}},"loc":{"start":{"line":212,"column":20},"end":{"line":217,"column":5}},"line":212},"16":{"name":"(anonymous_16)","decl":{"start":{"line":228,"column":4},"end":{"line":228,"column":5}},"loc":{"start":{"line":228,"column":26},"end":{"line":231,"column":5}},"line":228},"17":{"name":"(anonymous_17)","decl":{"start":{"line":242,"column":4},"end":{"line":242,"column":5}},"loc":{"start":{"line":242,"column":31},"end":{"line":249,"column":5}},"line":242},"18":{"name":"(anonymous_18)","decl":{"start":{"line":244,"column":33},"end":{"line":244,"column":34}},"loc":{"start":{"line":244,"column":39},"end":{"line":244,"column":63}},"line":244},"19":{"name":"(anonymous_19)","decl":{"start":{"line":259,"column":4},"end":{"line":259,"column":5}},"loc":{"start":{"line":259,"column":51},"end":{"line":273,"column":5}},"line":259},"20":{"name":"(anonymous_20)","decl":{"start":{"line":261,"column":33},"end":{"line":261,"column":34}},"loc":{"start":{"line":261,"column":39},"end":{"line":261,"column":78}},"line":261},"21":{"name":"(anonymous_21)","decl":{"start":{"line":281,"column":4},"end":{"line":281,"column":5}},"loc":{"start":{"line":281,"column":14},"end":{"line":284,"column":5}},"line":281},"22":{"name":"(anonymous_22)","decl":{"start":{"line":292,"column":4},"end":{"line":292,"column":5}},"loc":{"start":{"line":292,"column":24},"end":{"line":304,"column":5}},"line":292},"23":{"name":"(anonymous_23)","decl":{"start":{"line":294,"column":39},"end":{"line":294,"column":40}},"loc":{"start":{"line":294,"column":45},"end":{"line":296,"column":13}},"line":294},"24":{"name":"(anonymous_24)","decl":{"start":{"line":309,"column":4},"end":{"line":309,"column":5}},"loc":{"start":{"line":309,"column":14},"end":{"line":315,"column":5}},"line":309},"25":{"name":"(anonymous_25)","decl":{"start":{"line":331,"column":4},"end":{"line":331,"column":5}},"loc":{"start":{"line":331,"column":32},"end":{"line":363,"column":5}},"line":331},"26":{"name":"(anonymous_26)","decl":{"start":{"line":338,"column":30},"end":{"line":338,"column":31}},"loc":{"start":{"line":338,"column":96},"end":{"line":354,"column":9}},"line":338},"27":{"name":"(anonymous_27)","decl":{"start":{"line":368,"column":4},"end":{"line":368,"column":5}},"loc":{"start":{"line":368,"column":12},"end":{"line":373,"column":5}},"line":368},"28":{"name":"(anonymous_28)","decl":{"start":{"line":378,"column":4},"end":{"line":378,"column":5}},"loc":{"start":{"line":378,"column":13},"end":{"line":383,"column":5}},"line":378},"29":{"name":"(anonymous_29)","decl":{"start":{"line":385,"column":4},"end":{"line":385,"column":5}},"loc":{"start":{"line":385,"column":10},"end":{"line":387,"column":5}},"line":385},"30":{"name":"(anonymous_30)","decl":{"start":{"line":389,"column":4},"end":{"line":389,"column":5}},"loc":{"start":{"line":389,"column":12},"end":{"line":391,"column":5}},"line":389},"31":{"name":"(anonymous_31)","decl":{"start":{"line":396,"column":4},"end":{"line":396,"column":5}},"loc":{"start":{"line":396,"column":41},"end":{"line":431,"column":5}},"line":396},"32":{"name":"(anonymous_32)","decl":{"start":{"line":436,"column":23},"end":{"line":436,"column":24}},"loc":{"start":{"line":436,"column":77},"end":{"line":448,"column":5}},"line":436},"33":{"name":"(anonymous_33)","decl":{"start":{"line":453,"column":4},"end":{"line":453,"column":5}},"loc":{"start":{"line":453,"column":22},"end":{"line":475,"column":5}},"line":453},"34":{"name":"(anonymous_34)","decl":{"start":{"line":456,"column":70},"end":{"line":456,"column":71}},"loc":{"start":{"line":456,"column":79},"end":{"line":460,"column":9}},"line":456},"35":{"name":"(anonymous_35)","decl":{"start":{"line":461,"column":70},"end":{"line":461,"column":71}},"loc":{"start":{"line":461,"column":79},"end":{"line":465,"column":9}},"line":461},"36":{"name":"(anonymous_36)","decl":{"start":{"line":466,"column":74},"end":{"line":466,"column":75}},"loc":{"start":{"line":466,"column":83},"end":{"line":470,"column":9}},"line":466},"37":{"name":"(anonymous_37)","decl":{"start":{"line":471,"column":74},"end":{"line":471,"column":75}},"loc":{"start":{"line":471,"column":83},"end":{"line":474,"column":9}},"line":471},"38":{"name":"(anonymous_38)","decl":{"start":{"line":480,"column":4},"end":{"line":480,"column":5}},"loc":{"start":{"line":480,"column":24},"end":{"line":486,"column":5}},"line":480},"39":{"name":"(anonymous_39)","decl":{"start":{"line":493,"column":4},"end":{"line":493,"column":5}},"loc":{"start":{"line":493,"column":42},"end":{"line":505,"column":5}},"line":493},"40":{"name":"(anonymous_40)","decl":{"start":{"line":510,"column":4},"end":{"line":510,"column":5}},"loc":{"start":{"line":510,"column":23},"end":{"line":512,"column":5}},"line":510}},"branchMap":{"0":{"loc":{"start":{"line":161,"column":29},"end":{"line":161,"column":62}},"type":"binary-expr","locations":[{"start":{"line":161,"column":29},"end":{"line":161,"column":47}},{"start":{"line":161,"column":51},"end":{"line":161,"column":62}}],"line":161},"1":{"loc":{"start":{"line":162,"column":29},"end":{"line":162,"column":60}},"type":"binary-expr","locations":[{"start":{"line":162,"column":29},"end":{"line":162,"column":55}},{"start":{"line":162,"column":59},"end":{"line":162,"column":60}}],"line":162},"2":{"loc":{"start":{"line":164,"column":12},"end":{"line":164,"column":37}},"type":"if","locations":[{"start":{"line":164,"column":12},"end":{"line":164,"column":37}},{"start":{"line":164,"column":12},"end":{"line":164,"column":37}}],"line":164},"3":{"loc":{"start":{"line":187,"column":8},"end":{"line":191,"column":9}},"type":"if","locations":[{"start":{"line":187,"column":8},"end":{"line":191,"column":9}},{"start":{"line":187,"column":8},"end":{"line":191,"column":9}}],"line":187},"4":{"loc":{"start":{"line":192,"column":8},"end":{"line":192,"column":53}},"type":"if","locations":[{"start":{"line":192,"column":8},"end":{"line":192,"column":53}},{"start":{"line":192,"column":8},"end":{"line":192,"column":53}}],"line":192},"5":{"loc":{"start":{"line":200,"column":8},"end":{"line":206,"column":9}},"type":"if","locations":[{"start":{"line":200,"column":8},"end":{"line":206,"column":9}},{"start":{"line":200,"column":8},"end":{"line":206,"column":9}}],"line":200},"6":{"loc":{"start":{"line":213,"column":8},"end":{"line":216,"column":9}},"type":"if","locations":[{"start":{"line":213,"column":8},"end":{"line":216,"column":9}},{"start":{"line":213,"column":8},"end":{"line":216,"column":9}}],"line":213},"7":{"loc":{"start":{"line":242,"column":15},"end":{"line":242,"column":29}},"type":"default-arg","locations":[{"start":{"line":242,"column":25},"end":{"line":242,"column":29}}],"line":242},"8":{"loc":{"start":{"line":243,"column":8},"end":{"line":246,"column":9}},"type":"if","locations":[{"start":{"line":243,"column":8},"end":{"line":246,"column":9}},{"start":{"line":243,"column":8},"end":{"line":246,"column":9}}],"line":243},"9":{"loc":{"start":{"line":259,"column":17},"end":{"line":259,"column":31}},"type":"default-arg","locations":[{"start":{"line":259,"column":26},"end":{"line":259,"column":31}}],"line":259},"10":{"loc":{"start":{"line":259,"column":33},"end":{"line":259,"column":49}},"type":"default-arg","locations":[{"start":{"line":259,"column":48},"end":{"line":259,"column":49}}],"line":259},"11":{"loc":{"start":{"line":260,"column":8},"end":{"line":263,"column":9}},"type":"if","locations":[{"start":{"line":260,"column":8},"end":{"line":263,"column":9}},{"start":{"line":260,"column":8},"end":{"line":263,"column":9}}],"line":260},"12":{"loc":{"start":{"line":265,"column":8},"end":{"line":269,"column":9}},"type":"if","locations":[{"start":{"line":265,"column":8},"end":{"line":269,"column":9}},{"start":{"line":265,"column":8},"end":{"line":269,"column":9}}],"line":265},"13":{"loc":{"start":{"line":282,"column":8},"end":{"line":282,"column":42}},"type":"if","locations":[{"start":{"line":282,"column":8},"end":{"line":282,"column":42}},{"start":{"line":282,"column":8},"end":{"line":282,"column":42}}],"line":282},"14":{"loc":{"start":{"line":293,"column":8},"end":{"line":298,"column":9}},"type":"if","locations":[{"start":{"line":293,"column":8},"end":{"line":298,"column":9}},{"start":{"line":293,"column":8},"end":{"line":298,"column":9}}],"line":293},"15":{"loc":{"start":{"line":299,"column":8},"end":{"line":299,"column":58}},"type":"if","locations":[{"start":{"line":299,"column":8},"end":{"line":299,"column":58}},{"start":{"line":299,"column":8},"end":{"line":299,"column":58}}],"line":299},"16":{"loc":{"start":{"line":299,"column":12},"end":{"line":299,"column":44}},"type":"binary-expr","locations":[{"start":{"line":299,"column":12},"end":{"line":299,"column":25}},{"start":{"line":299,"column":29},"end":{"line":299,"column":44}}],"line":299},"17":{"loc":{"start":{"line":310,"column":8},"end":{"line":310,"column":41}},"type":"if","locations":[{"start":{"line":310,"column":8},"end":{"line":310,"column":41}},{"start":{"line":310,"column":8},"end":{"line":310,"column":41}}],"line":310},"18":{"loc":{"start":{"line":332,"column":8},"end":{"line":332,"column":83}},"type":"if","locations":[{"start":{"line":332,"column":8},"end":{"line":332,"column":83}},{"start":{"line":332,"column":8},"end":{"line":332,"column":83}}],"line":332},"19":{"loc":{"start":{"line":332,"column":12},"end":{"line":332,"column":44}},"type":"binary-expr","locations":[{"start":{"line":332,"column":12},"end":{"line":332,"column":25}},{"start":{"line":332,"column":29},"end":{"line":332,"column":44}}],"line":332},"20":{"loc":{"start":{"line":340,"column":12},"end":{"line":353,"column":13}},"type":"if","locations":[{"start":{"line":340,"column":12},"end":{"line":353,"column":13}},{"start":{"line":340,"column":12},"end":{"line":353,"column":13}}],"line":340},"21":{"loc":{"start":{"line":345,"column":16},"end":{"line":348,"column":17}},"type":"if","locations":[{"start":{"line":345,"column":16},"end":{"line":348,"column":17}},{"start":{"line":345,"column":16},"end":{"line":348,"column":17}}],"line":345},"22":{"loc":{"start":{"line":345,"column":20},"end":{"line":345,"column":75}},"type":"binary-expr","locations":[{"start":{"line":345,"column":20},"end":{"line":345,"column":42}},{"start":{"line":345,"column":46},"end":{"line":345,"column":75}}],"line":345},"23":{"loc":{"start":{"line":349,"column":16},"end":{"line":352,"column":17}},"type":"if","locations":[{"start":{"line":349,"column":16},"end":{"line":352,"column":17}},{"start":{"line":349,"column":16},"end":{"line":352,"column":17}}],"line":349},"24":{"loc":{"start":{"line":350,"column":20},"end":{"line":351,"column":30}},"type":"if","locations":[{"start":{"line":350,"column":20},"end":{"line":351,"column":30}},{"start":{"line":350,"column":20},"end":{"line":351,"column":30}}],"line":350},"25":{"loc":{"start":{"line":358,"column":8},"end":{"line":358,"column":47}},"type":"if","locations":[{"start":{"line":358,"column":8},"end":{"line":358,"column":47}},{"start":{"line":358,"column":8},"end":{"line":358,"column":47}}],"line":358},"26":{"loc":{"start":{"line":369,"column":8},"end":{"line":369,"column":33}},"type":"if","locations":[{"start":{"line":369,"column":8},"end":{"line":369,"column":33}},{"start":{"line":369,"column":8},"end":{"line":369,"column":33}}],"line":369},"27":{"loc":{"start":{"line":379,"column":8},"end":{"line":379,"column":34}},"type":"if","locations":[{"start":{"line":379,"column":8},"end":{"line":379,"column":34}},{"start":{"line":379,"column":8},"end":{"line":379,"column":34}}],"line":379},"28":{"loc":{"start":{"line":397,"column":8},"end":{"line":397,"column":35}},"type":"if","locations":[{"start":{"line":397,"column":8},"end":{"line":397,"column":35}},{"start":{"line":397,"column":8},"end":{"line":397,"column":35}}],"line":397},"29":{"loc":{"start":{"line":407,"column":16},"end":{"line":414,"column":17}},"type":"if","locations":[{"start":{"line":407,"column":16},"end":{"line":414,"column":17}},{"start":{"line":407,"column":16},"end":{"line":414,"column":17}}],"line":407},"30":{"loc":{"start":{"line":424,"column":12},"end":{"line":427,"column":13}},"type":"if","locations":[{"start":{"line":424,"column":12},"end":{"line":427,"column":13}},{"start":{"line":424,"column":12},"end":{"line":427,"column":13}}],"line":424},"31":{"loc":{"start":{"line":437,"column":8},"end":{"line":437,"column":40}},"type":"if","locations":[{"start":{"line":437,"column":8},"end":{"line":437,"column":40}},{"start":{"line":437,"column":8},"end":{"line":437,"column":40}}],"line":437},"32":{"loc":{"start":{"line":439,"column":8},"end":{"line":447,"column":9}},"type":"if","locations":[{"start":{"line":439,"column":8},"end":{"line":447,"column":9}},{"start":{"line":439,"column":8},"end":{"line":447,"column":9}}],"line":439},"33":{"loc":{"start":{"line":442,"column":30},"end":{"line":442,"column":95}},"type":"cond-expr","locations":[{"start":{"line":442,"column":47},"end":{"line":442,"column":82}},{"start":{"line":442,"column":85},"end":{"line":442,"column":95}}],"line":442},"34":{"loc":{"start":{"line":457,"column":12},"end":{"line":457,"column":44}},"type":"if","locations":[{"start":{"line":457,"column":12},"end":{"line":457,"column":44}},{"start":{"line":457,"column":12},"end":{"line":457,"column":44}}],"line":457},"35":{"loc":{"start":{"line":462,"column":12},"end":{"line":462,"column":44}},"type":"if","locations":[{"start":{"line":462,"column":12},"end":{"line":462,"column":44}},{"start":{"line":462,"column":12},"end":{"line":462,"column":44}}],"line":462},"36":{"loc":{"start":{"line":467,"column":12},"end":{"line":467,"column":44}},"type":"if","locations":[{"start":{"line":467,"column":12},"end":{"line":467,"column":44}},{"start":{"line":467,"column":12},"end":{"line":467,"column":44}}],"line":467},"37":{"loc":{"start":{"line":472,"column":12},"end":{"line":472,"column":44}},"type":"if","locations":[{"start":{"line":472,"column":12},"end":{"line":472,"column":44}},{"start":{"line":472,"column":12},"end":{"line":472,"column":44}}],"line":472},"38":{"loc":{"start":{"line":494,"column":8},"end":{"line":504,"column":9}},"type":"if","locations":[{"start":{"line":494,"column":8},"end":{"line":504,"column":9}},{"start":{"line":494,"column":8},"end":{"line":504,"column":9}}],"line":494},"39":{"loc":{"start":{"line":496,"column":15},"end":{"line":504,"column":9}},"type":"if","locations":[{"start":{"line":496,"column":15},"end":{"line":504,"column":9}},{"start":{"line":496,"column":15},"end":{"line":504,"column":9}}],"line":496},"40":{"loc":{"start":{"line":498,"column":15},"end":{"line":504,"column":9}},"type":"if","locations":[{"start":{"line":498,"column":15},"end":{"line":504,"column":9}},{"start":{"line":498,"column":15},"end":{"line":504,"column":9}}],"line":498},"41":{"loc":{"start":{"line":498,"column":19},"end":{"line":498,"column":72}},"type":"binary-expr","locations":[{"start":{"line":498,"column":19},"end":{"line":498,"column":47}},{"start":{"line":498,"column":51},"end":{"line":498,"column":72}}],"line":498}},"s":{"0":1,"1":1,"2":1,"3":1,"4":1,"5":1,"6":1,"7":1,"8":1,"9":1,"10":1,"11":1,"12":1,"13":1,"14":1,"15":1,"16":1,"17":1,"18":1,"19":1,"20":1,"21":1,"22":1,"23":1,"24":1,"25":1,"26":1,"27":1,"28":1,"29":1,"30":0,"31":0,"32":0,"33":0,"34":0,"35":0,"36":0,"37":0,"38":0,"39":0,"40":0,"41":0,"42":0,"43":0,"44":0,"45":0,"46":0,"47":1,"48":1,"49":1,"50":1,"51":0,"52":0,"53":1,"54":1,"55":1,"56":1,"57":0,"58":0,"59":0,"60":0,"61":0,"62":0,"63":0,"64":0,"65":0,"66":0,"67":0,"68":0,"69":0,"70":0,"71":0,"72":0,"73":0,"74":0,"75":0,"76":0,"77":0,"78":0,"79":0,"80":0,"81":0,"82":0,"83":0,"84":0,"85":0,"86":0,"87":0,"88":0,"89":0,"90":0,"91":0,"92":0,"93":0,"94":0,"95":0,"96":0,"97":0,"98":0,"99":0,"100":0,"101":0,"102":0,"103":0,"104":0,"105":0,"106":0,"107":0,"108":0,"109":0,"110":0,"111":0,"112":0,"113":0,"114":0,"115":0,"116":0,"117":0,"118":0,"119":0,"120":0,"121":0,"122":0,"123":0,"124":0,"125":0,"126":0,"127":0,"128":0,"129":0,"130":0,"131":0,"132":0,"133":0,"134":0,"135":0,"136":0,"137":0,"138":0,"139":0,"140":0,"141":0,"142":0,"143":0,"144":0,"145":0,"146":0,"147":0,"148":0,"149":0,"150":0,"151":0,"152":0,"153":0,"154":0,"155":0,"156":0,"157":0,"158":0,"159":0,"160":0,"161":0,"162":0,"163":0,"164":0,"165":0,"166":0,"167":0,"168":0,"169":0,"170":1,"171":0,"172":0,"173":0,"174":0,"175":0,"176":0,"177":0,"178":0,"179":0,"180":1,"181":1,"182":1,"183":0,"184":0,"185":0,"186":0,"187":1,"188":0,"189":0,"190":0,"191":0,"192":1,"193":0,"194":0,"195":0,"196":0,"197":1,"198":0,"199":0,"200":0,"201":1,"202":1,"203":1,"204":1,"205":1,"206":0,"207":0,"208":0,"209":0,"210":0,"211":0,"212":0,"213":0},"f":{"0":1,"1":0,"2":0,"3":0,"4":0,"5":0,"6":0,"7":0,"8":0,"9":0,"10":1,"11":0,"12":0,"13":0,"14":0,"15":0,"16":0,"17":0,"18":0,"19":0,"20":0,"21":0,"22":0,"23":0,"24":0,"25":0,"26":0,"27":0,"28":0,"29":0,"30":0,"31":0,"32":0,"33":1,"34":0,"35":0,"36":0,"37":0,"38":1,"39":0,"40":0},"b":{"0":[1,0],"1":[1,0],"2":[0,0],"3":[0,0],"4":[0,0],"5":[0,0],"6":[0,0],"7":[0],"8":[0,0],"9":[0],"10":[0],"11":[0,0],"12":[0,0],"13":[0,0],"14":[0,0],"15":[0,0],"16":[0,0],"17":[0,0],"18":[0,0],"19":[0,0],"20":[0,0],"21":[0,0],"22":[0,0],"23":[0,0],"24":[0,0],"25":[0,0],"26":[0,0],"27":[0,0],"28":[0,0],"29":[0,0],"30":[0,0],"31":[0,0],"32":[0,0],"33":[0,0],"34":[0,0],"35":[0,0],"36":[0,0],"37":[0,0],"38":[0,0],"39":[0,0],"40":[0,0],"41":[0,0]},"_coverageSchema":"1a1c01bbd47fc00a2c39e90264f33305004495a9","hash":"159969029d58f733167daee323911d71ed3a4ce7"}
,"/home/runner/work/react-native-tcp-socket/react-native-tcp-socket/src/TLSServer.js": {"path":"/home/runner/work/react-native-tcp-socket/react-native-tcp-socket/src/TLSServer.js","statementMap":{"0":{"start":{"line":18,"column":8},"end":{"line":18,"column":16}},"1":{"start":{"line":19,"column":8},"end":{"line":19,"column":92}},"2":{"start":{"line":19,"column":38},"end":{"line":19,"column":92}},"3":{"start":{"line":20,"column":8},"end":{"line":20,"column":34}},"4":{"start":{"line":28,"column":8},"end":{"line":28,"column":39}},"5":{"start":{"line":29,"column":8},"end":{"line":29,"column":86}},"6":{"start":{"line":47,"column":27},"end":{"line":47,"column":41}},"7":{"start":{"line":49,"column":8},"end":{"line":49,"column":42}},"8":{"start":{"line":50,"column":8},"end":{"line":50,"column":50}},"9":{"start":{"line":57,"column":8},"end":{"line":68,"column":10}},"10":{"start":{"line":60,"column":16},"end":{"line":60,"column":48}},"11":{"start":{"line":60,"column":41},"end":{"line":60,"column":48}},"12":{"start":{"line":61,"column":39},"end":{"line":61,"column":66}},"13":{"start":{"line":62,"column":16},"end":{"line":62,"column":51}},"14":{"start":{"line":63,"column":34},"end":{"line":63,"column":63}},"15":{"start":{"line":64,"column":16},"end":{"line":64,"column":47}},"16":{"start":{"line":65,"column":16},"end":{"line":65,"column":56}},"17":{"start":{"line":66,"column":16},"end":{"line":66,"column":57}}},"fnMap":{"0":{"name":"(anonymous_0)","decl":{"start":{"line":17,"column":4},"end":{"line":17,"column":5}},"loc":{"start":{"line":17,"column":42},"end":{"line":21,"column":5}},"line":17},"1":{"name":"(anonymous_1)","decl":{"start":{"line":26,"column":4},"end":{"line":26,"column":5}},"loc":{"start":{"line":26,"column":30},"end":{"line":30,"column":5}},"line":26},"2":{"name":"(anonymous_2)","decl":{"start":{"line":46,"column":4},"end":{"line":46,"column":5}},"loc":{"start":{"line":46,"column":30},"end":{"line":51,"column":5}},"line":46},"3":{"name":"(anonymous_3)","decl":{"start":{"line":56,"column":4},"end":{"line":56,"column":5}},"loc":{"start":{"line":56,"column":25},"end":{"line":69,"column":5}},"line":56},"4":{"name":"(anonymous_4)","decl":{"start":{"line":59,"column":12},"end":{"line":59,"column":13}},"loc":{"start":{"line":59,"column":21},"end":{"line":67,"column":13}},"line":59}},"branchMap":{"0":{"loc":{"start":{"line":19,"column":8},"end":{"line":19,"column":92}},"type":"if","locations":[{"start":{"line":19,"column":8},"end":{"line":19,"column":92}},{"start":{"line":19,"column":8},"end":{"line":19,"column":92}}],"line":19},"1":{"loc":{"start":{"line":60,"column":16},"end":{"line":60,"column":48}},"type":"if","locations":[{"start":{"line":60,"column":16},"end":{"line":60,"column":48}},{"start":{"line":60,"column":16},"end":{"line":60,"column":48}}],"line":60}},"s":{"0":0,"1":0,"2":0,"3":0,"4":0,"5":0,"6":0,"7":0,"8":0,"9":0,"10":0,"11":0,"12":0,"13":0,"14":0,"15":0,"16":0,"17":0},"f":{"0":0,"1":0,"2":0,"3":0,"4":0},"b":{"0":[0,0],"1":[0,0]},"_coverageSchema":"1a1c01bbd47fc00a2c39e90264f33305004495a9","hash":"51eb42643262ddeb31bbd2ad312642ccff802430"}
,"/home/runner/work/react-native-tcp-socket/react-native-tcp-socket/src/TLSSocket.js": {"path":"/home/runner/work/react-native-tcp-socket/react-native-tcp-socket/src/TLSSocket.js","statementMap":{"0":{"start":{"line":4,"column":16},"end":{"line":4,"column":40}},"1":{"start":{"line":25,"column":8},"end":{"line":25,"column":16}},"2":{"start":{"line":27,"column":8},"end":{"line":27,"column":39}},"3":{"start":{"line":28,"column":8},"end":{"line":28,"column":60}},"4":{"start":{"line":29,"column":8},"end":{"line":29,"column":61}},"5":{"start":{"line":30,"column":8},"end":{"line":30,"column":62}},"6":{"start":{"line":33,"column":8},"end":{"line":33,"column":30}},"7":{"start":{"line":35,"column":8},"end":{"line":35,"column":38}},"8":{"start":{"line":36,"column":8},"end":{"line":36,"column":25}},"9":{"start":{"line":37,"column":8},"end":{"line":38,"column":32}},"10":{"start":{"line":37,"column":49},"end":{"line":37,"column":98}},"11":{"start":{"line":37,"column":78},"end":{"line":37,"column":96}},"12":{"start":{"line":38,"column":13},"end":{"line":38,"column":32}},"13":{"start":{"line":46,"column":8},"end":{"line":46,"column":46}},"14":{"start":{"line":47,"column":8},"end":{"line":47,"column":71}},"15":{"start":{"line":47,"column":36},"end":{"line":47,"column":69}},"16":{"start":{"line":48,"column":8},"end":{"line":59,"column":11}},"17":{"start":{"line":66,"column":8},"end":{"line":66,"column":50}},"18":{"start":{"line":78,"column":8},"end":{"line":82,"column":11}},"19":{"start":{"line":86,"column":8},"end":{"line":86,"column":48}},"20":{"start":{"line":90,"column":8},"end":{"line":90,"column":52}},"21":{"start":{"line":100,"column":23},"end":{"line":100,"column":35}},"22":{"start":{"line":101,"column":8},"end":{"line":107,"column":9}},"23":{"start":{"line":102,"column":12},"end":{"line":104,"column":13}},"24":{"start":{"line":103,"column":16},"end":{"line":103,"column":42}},"25":{"start":{"line":105,"column":12},"end":{"line":105,"column":43}},"26":{"start":{"line":106,"column":12},"end":{"line":106,"column":64}}},"fnMap":{"0":{"name":"(anonymous_0)","decl":{"start":{"line":24,"column":4},"end":{"line":24,"column":5}},"loc":{"start":{"line":24,"column":38},"end":{"line":39,"column":5}},"line":24},"1":{"name":"(anonymous_1)","decl":{"start":{"line":37,"column":72},"end":{"line":37,"column":73}},"loc":{"start":{"line":37,"column":78},"end":{"line":37,"column":96}},"line":37},"2":{"name":"(anonymous_2)","decl":{"start":{"line":44,"column":4},"end":{"line":44,"column":5}},"loc":{"start":{"line":44,"column":18},"end":{"line":60,"column":5}},"line":44},"3":{"name":"(anonymous_3)","decl":{"start":{"line":47,"column":25},"end":{"line":47,"column":26}},"loc":{"start":{"line":47,"column":36},"end":{"line":47,"column":69}},"line":47},"4":{"name":"(anonymous_4)","decl":{"start":{"line":65,"column":4},"end":{"line":65,"column":5}},"loc":{"start":{"line":65,"column":16},"end":{"line":67,"column":5}},"line":65},"5":{"name":"(anonymous_5)","decl":{"start":{"line":77,"column":4},"end":{"line":77,"column":5}},"loc":{"start":{"line":77,"column":37},"end":{"line":83,"column":5}},"line":77},"6":{"name":"(anonymous_6)","decl":{"start":{"line":85,"column":4},"end":{"line":85,"column":5}},"loc":{"start":{"line":85,"column":21},"end":{"line":87,"column":5}},"line":85},"7":{"name":"(anonymous_7)","decl":{"start":{"line":89,"column":4},"end":{"line":89,"column":5}},"loc":{"start":{"line":89,"column":25},"end":{"line":91,"column":5}},"line":89},"8":{"name":"(anonymous_8)","decl":{"start":{"line":99,"column":4},"end":{"line":99,"column":5}},"loc":{"start":{"line":99,"column":46},"end":{"line":108,"column":5}},"line":99}},"branchMap":{"0":{"loc":{"start":{"line":24,"column":24},"end":{"line":24,"column":36}},"type":"default-arg","locations":[{"start":{"line":24,"column":34},"end":{"line":24,"column":36}}],"line":24},"1":{"loc":{"start":{"line":37,"column":8},"end":{"line":38,"column":32}},"type":"if","locations":[{"start":{"line":37,"column":8},"end":{"line":38,"column":32}},{"start":{"line":37,"column":8},"end":{"line":38,"column":32}}],"line":37},"2":{"loc":{"start":{"line":37,"column":12},"end":{"line":37,"column":47}},"type":"binary-expr","locations":[{"start":{"line":37,"column":12},"end":{"line":37,"column":26}},{"start":{"line":37,"column":30},"end":{"line":37,"column":47}}],"line":37},"3":{"loc":{"start":{"line":77,"column":23},"end":{"line":77,"column":35}},"type":"default-arg","locations":[{"start":{"line":77,"column":33},"end":{"line":77,"column":35}}],"line":77},"4":{"loc":{"start":{"line":101,"column":8},"end":{"line":107,"column":9}},"type":"if","locations":[{"start":{"line":101,"column":8},"end":{"line":107,"column":9}},{"start":{"line":101,"column":8},"end":{"line":107,"column":9}}],"line":101},"5":{"loc":{"start":{"line":101,"column":12},"end":{"line":101,"column":48}},"type":"binary-expr","locations":[{"start":{"line":101,"column":12},"end":{"line":101,"column":18}},{"start":{"line":101,"column":22},"end":{"line":101,"column":48}}],"line":101},"6":{"loc":{"start":{"line":102,"column":12},"end":{"line":104,"column":13}},"type":"if","locations":[{"start":{"line":102,"column":12},"end":{"line":104,"column":13}},{"start":{"line":102,"column":12},"end":{"line":104,"column":13}}],"line":102}},"s":{"0":1,"1":0,"2":0,"3":0,"4":0,"5":0,"6":0,"7":0,"8":0,"9":0,"10":0,"11":0,"12":0,"13":0,"14":0,"15":0,"16":0,"17":0,"18":0,"19":0,"20":0,"21":0,"22":0,"23":0,"24":0,"25":0,"26":0},"f":{"0":0,"1":0,"2":0,"3":0,"4":0,"5":0,"6":0,"7":0,"8":0},"b":{"0":[0],"1":[0,0],"2":[0,0],"3":[0],"4":[0,0],"5":[0,0],"6":[0,0]},"_coverageSchema":"1a1c01bbd47fc00a2c39e90264f33305004495a9","hash":"823c4cdf0089375a99f23a827e45e70932e41dda"}
,"/home/runner/work/react-native-tcp-socket/react-native-tcp-socket/src/index.js": {"path":"/home/runner/work/react-native-tcp-socket/react-native-tcp-socket/src/index.js","statementMap":{"0":{"start":{"line":25,"column":4},"end":{"line":25,"column":51}},"1":{"start":{"line":34,"column":19},"end":{"line":34,"column":52}},"2":{"start":{"line":35,"column":4},"end":{"line":35,"column":37}},"3":{"start":{"line":36,"column":4},"end":{"line":36,"column":18}},"4":{"start":{"line":47,"column":19},"end":{"line":47,"column":31}},"5":{"start":{"line":48,"column":22},"end":{"line":48,"column":52}},"6":{"start":{"line":49,"column":4},"end":{"line":49,"column":66}},"7":{"start":{"line":49,"column":33},"end":{"line":49,"column":64}},"8":{"start":{"line":50,"column":4},"end":{"line":50,"column":60}},"9":{"start":{"line":50,"column":18},"end":{"line":50,"column":60}},"10":{"start":{"line":51,"column":4},"end":{"line":51,"column":28}},"11":{"start":{"line":52,"column":4},"end":{"line":52,"column":21}},"12":{"start":{"line":61,"column":22},"end":{"line":61,"column":34}},"13":{"start":{"line":62,"column":4},"end":{"line":62,"column":48}},"14":{"start":{"line":66,"column":14},"end":{"line":66,"column":68}},"15":{"start":{"line":67,"column":14},"end":{"line":67,"column":40}},"16":{"start":{"line":68,"column":16},"end":{"line":68,"column":40}},"17":{"start":{"line":71,"column":14},"end":{"line":71,"column":36}},"18":{"start":{"line":72,"column":16},"end":{"line":83,"column":1}},"19":{"start":{"line":91,"column":4},"end":{"line":91,"column":31}},"20":{"start":{"line":100,"column":4},"end":{"line":100,"column":31}},"21":{"start":{"line":109,"column":4},"end":{"line":110,"column":37}},"22":{"start":{"line":109,"column":23},"end":{"line":109,"column":32}},"23":{"start":{"line":110,"column":9},"end":{"line":110,"column":37}},"24":{"start":{"line":110,"column":28},"end":{"line":110,"column":37}},"25":{"start":{"line":111,"column":4},"end":{"line":111,"column":13}},"26":{"start":{"line":131,"column":0},"end":{"line":145,"column":2}}},"fnMap":{"0":{"name":"createServer","decl":{"start":{"line":24,"column":9},"end":{"line":24,"column":21}},"loc":{"start":{"line":24,"column":51},"end":{"line":26,"column":1}},"line":24},"1":{"name":"createTLSServer","decl":{"start":{"line":33,"column":9},"end":{"line":33,"column":24}},"loc":{"start":{"line":33,"column":54},"end":{"line":37,"column":1}},"line":33},"2":{"name":"connectTLS","decl":{"start":{"line":46,"column":9},"end":{"line":46,"column":19}},"loc":{"start":{"line":46,"column":39},"end":{"line":53,"column":1}},"line":46},"3":{"name":"(anonymous_3)","decl":{"start":{"line":49,"column":27},"end":{"line":49,"column":28}},"loc":{"start":{"line":49,"column":33},"end":{"line":49,"column":64}},"line":49},"4":{"name":"createConnection","decl":{"start":{"line":60,"column":9},"end":{"line":60,"column":25}},"loc":{"start":{"line":60,"column":45},"end":{"line":63,"column":1}},"line":60},"5":{"name":"isIPv4","decl":{"start":{"line":90,"column":9},"end":{"line":90,"column":15}},"loc":{"start":{"line":90,"column":23},"end":{"line":92,"column":1}},"line":90},"6":{"name":"isIPv6","decl":{"start":{"line":99,"column":9},"end":{"line":99,"column":15}},"loc":{"start":{"line":99,"column":23},"end":{"line":101,"column":1}},"line":99},"7":{"name":"isIP","decl":{"start":{"line":108,"column":9},"end":{"line":108,"column":13}},"loc":{"start":{"line":108,"column":21},"end":{"line":112,"column":1}},"line":108}},"branchMap":{"0":{"loc":{"start":{"line":50,"column":4},"end":{"line":50,"column":60}},"type":"if","locations":[{"start":{"line":50,"column":4},"end":{"line":50,"column":60}},{"start":{"line":50,"column":4},"end":{"line":50,"column":60}}],"line":50},"1":{"loc":{"start":{"line":109,"column":4},"end":{"line":110,"column":37}},"type":"if","locations":[{"start":{"line":109,"column":4},"end":{"line":110,"column":37}},{"start":{"line":109,"column":4},"end":{"line":110,"column":37}}],"line":109},"2":{"loc":{"start":{"line":110,"column":9},"end":{"line":110,"column":37}},"type":"if","locations":[{"start":{"line":110,"column":9},"end":{"line":110,"column":37}},{"start":{"line":110,"column":9},"end":{"line":110,"column":37}}],"line":110}},"s":{"0":3,"1":0,"2":0,"3":0,"4":0,"5":0,"6":0,"7":0,"8":0,"9":0,"10":0,"11":0,"12":1,"13":1,"14":1,"15":1,"16":1,"17":1,"18":1,"19":5,"20":4,"21":3,"22":1,"23":2,"24":1,"25":1,"26":1},"f":{"0":3,"1":0,"2":0,"3":0,"4":1,"5":5,"6":4,"7":3},"b":{"0":[0,0],"1":[1,2],"2":[1,1]},"_coverageSchema":"1a1c01bbd47fc00a2c39e90264f33305004495a9","hash":"36864a6bf7898ecec25a2f1b0b492ad0281997b4"}
}
