{"/home/runner/work/react-native-tcp-socket/react-native-tcp-socket/src/Globals.js": {"path":"/home/runner/work/react-native-tcp-socket/react-native-tcp-socket/src/Globals.js","statementMap":{"0":{"start":{"line":2,"column":16},"end":{"line":2,"column":40}},"1":{"start":{"line":4,"column":21},"end":{"line":4,"column":22}},"2":{"start":{"line":7,"column":4},"end":{"line":7,"column":28}},"3":{"start":{"line":10,"column":27},"end":{"line":10,"column":58}}},"fnMap":{"0":{"name":"getNextId","decl":{"start":{"line":6,"column":9},"end":{"line":6,"column":18}},"loc":{"start":{"line":6,"column":21},"end":{"line":8,"column":1}},"line":6}},"branchMap":{},"s":{"0":1,"1":1,"2":2,"3":1},"f":{"0":2},"b":{},"_coverageSchema":"1a1c01bbd47fc00a2c39e90264f33305004495a9","hash":"8cb15bee01bf57f8ac938fbc20fc9feb7945c83c"}
,"/home/runner/work/react-native-tcp-socket/react-native-tcp-socket/src/Server.js": {"path":"/home/runner/work/react-native-tcp-socket/react-native-tcp-socket/src/Server.js","statementMap":{"0":{"start":{"line":5,"column":16},"end":{"line":5,"column":40}},"1":{"start":{"line":17,"column":8},"end":{"line":17,"column":16}},"2":{"start":{"line":19,"column":8},"end":{"line":19,"column":31}},"3":{"start":{"line":21,"column":8},"end":{"line":21,"column":48}},"4":{"start":{"line":23,"column":8},"end":{"line":23,"column":38}},"5":{"start":{"line":25,"column":8},"end":{"line":25,"column":39}},"6":{"start":{"line":27,"column":8},"end":{"line":27,"column":36}},"7":{"start":{"line":29,"column":8},"end":{"line":29,"column":38}},"8":{"start":{"line":30,"column":8},"end":{"line":30,"column":31}},"9":{"start":{"line":31,"column":8},"end":{"line":31,"column":31}},"10":{"start":{"line":32,"column":8},"end":{"line":32,"column":74}},"11":{"start":{"line":32,"column":32},"end":{"line":32,"column":74}},"12":{"start":{"line":33,"column":8},"end":{"line":33,"column":54}},"13":{"start":{"line":51,"column":8},"end":{"line":51,"column":91}},"14":{"start":{"line":51,"column":46},"end":{"line":51,"column":91}},"15":{"start":{"line":52,"column":27},"end":{"line":52,"column":41}},"16":{"start":{"line":53,"column":8},"end":{"line":53,"column":55}},"17":{"start":{"line":54,"column":8},"end":{"line":57,"column":11}},"18":{"start":{"line":55,"column":12},"end":{"line":55,"column":34}},"19":{"start":{"line":56,"column":12},"end":{"line":56,"column":37}},"20":{"start":{"line":56,"column":26},"end":{"line":56,"column":37}},"21":{"start":{"line":58,"column":8},"end":{"line":58,"column":45}},"22":{"start":{"line":59,"column":8},"end":{"line":59,"column":20}},"23":{"start":{"line":71,"column":8},"end":{"line":71,"column":47}},"24":{"start":{"line":72,"column":8},"end":{"line":72,"column":20}},"25":{"start":{"line":85,"column":8},"end":{"line":88,"column":9}},"26":{"start":{"line":86,"column":12},"end":{"line":86,"column":60}},"27":{"start":{"line":87,"column":12},"end":{"line":87,"column":24}},"28":{"start":{"line":89,"column":8},"end":{"line":89,"column":51}},"29":{"start":{"line":89,"column":22},"end":{"line":89,"column":51}},"30":{"start":{"line":90,"column":8},"end":{"line":90,"column":31}},"31":{"start":{"line":91,"column":8},"end":{"line":91,"column":32}},"32":{"start":{"line":92,"column":8},"end":{"line":92,"column":20}},"33":{"start":{"line":103,"column":8},"end":{"line":103,"column":45}},"34":{"start":{"line":103,"column":33},"end":{"line":103,"column":45}},"35":{"start":{"line":104,"column":8},"end":{"line":104,"column":97}},"36":{"start":{"line":108,"column":8},"end":{"line":108,"column":90}},"37":{"start":{"line":109,"column":8},"end":{"line":109,"column":20}},"38":{"start":{"line":113,"column":8},"end":{"line":113,"column":92}},"39":{"start":{"line":114,"column":8},"end":{"line":114,"column":20}},"40":{"start":{"line":121,"column":8},"end":{"line":127,"column":11}},"41":{"start":{"line":122,"column":12},"end":{"line":122,"column":44}},"42":{"start":{"line":122,"column":37},"end":{"line":122,"column":44}},"43":{"start":{"line":123,"column":12},"end":{"line":123,"column":61}},"44":{"start":{"line":124,"column":12},"end":{"line":124,"column":55}},"45":{"start":{"line":125,"column":12},"end":{"line":125,"column":59}},"46":{"start":{"line":126,"column":12},"end":{"line":126,"column":35}},"47":{"start":{"line":128,"column":8},"end":{"line":132,"column":11}},"48":{"start":{"line":129,"column":12},"end":{"line":129,"column":44}},"49":{"start":{"line":129,"column":37},"end":{"line":129,"column":44}},"50":{"start":{"line":130,"column":12},"end":{"line":130,"column":25}},"51":{"start":{"line":131,"column":12},"end":{"line":131,"column":42}},"52":{"start":{"line":133,"column":8},"end":{"line":143,"column":11}},"53":{"start":{"line":134,"column":12},"end":{"line":134,"column":44}},"54":{"start":{"line":134,"column":37},"end":{"line":134,"column":44}},"55":{"start":{"line":135,"column":30},"end":{"line":135,"column":57}},"56":{"start":{"line":137,"column":12},"end":{"line":140,"column":15}},"57":{"start":{"line":138,"column":16},"end":{"line":138,"column":52}},"58":{"start":{"line":139,"column":16},"end":{"line":139,"column":88}},"59":{"start":{"line":139,"column":69},"end":{"line":139,"column":88}},"60":{"start":{"line":141,"column":12},"end":{"line":141,"column":45}},"61":{"start":{"line":142,"column":12},"end":{"line":142,"column":47}},"62":{"start":{"line":150,"column":8},"end":{"line":150,"column":39}},"63":{"start":{"line":151,"column":8},"end":{"line":151,"column":36}},"64":{"start":{"line":152,"column":8},"end":{"line":152,"column":38}},"65":{"start":{"line":161,"column":26},"end":{"line":161,"column":38}},"66":{"start":{"line":162,"column":8},"end":{"line":162,"column":34}},"67":{"start":{"line":163,"column":8},"end":{"line":163,"column":49}},"68":{"start":{"line":164,"column":8},"end":{"line":164,"column":25}}},"fnMap":{"0":{"name":"(anonymous_0)","decl":{"start":{"line":16,"column":4},"end":{"line":16,"column":5}},"loc":{"start":{"line":16,"column":36},"end":{"line":34,"column":5}},"line":16},"1":{"name":"(anonymous_1)","decl":{"start":{"line":50,"column":4},"end":{"line":50,"column":5}},"loc":{"start":{"line":50,"column":30},"end":{"line":60,"column":5}},"line":50},"2":{"name":"(anonymous_2)","decl":{"start":{"line":54,"column":31},"end":{"line":54,"column":32}},"loc":{"start":{"line":54,"column":37},"end":{"line":57,"column":9}},"line":54},"3":{"name":"(anonymous_3)","decl":{"start":{"line":70,"column":4},"end":{"line":70,"column":5}},"loc":{"start":{"line":70,"column":29},"end":{"line":73,"column":5}},"line":70},"4":{"name":"(anonymous_4)","decl":{"start":{"line":84,"column":4},"end":{"line":84,"column":5}},"loc":{"start":{"line":84,"column":20},"end":{"line":93,"column":5}},"line":84},"5":{"name":"(anonymous_5)","decl":{"start":{"line":102,"column":4},"end":{"line":102,"column":5}},"loc":{"start":{"line":102,"column":14},"end":{"line":105,"column":5}},"line":102},"6":{"name":"(anonymous_6)","decl":{"start":{"line":107,"column":4},"end":{"line":107,"column":5}},"loc":{"start":{"line":107,"column":10},"end":{"line":110,"column":5}},"line":107},"7":{"name":"(anonymous_7)","decl":{"start":{"line":112,"column":4},"end":{"line":112,"column":5}},"loc":{"start":{"line":112,"column":12},"end":{"line":115,"column":5}},"line":112},"8":{"name":"(anonymous_8)","decl":{"start":{"line":120,"column":4},"end":{"line":120,"column":5}},"loc":{"start":{"line":120,"column":22},"end":{"line":144,"column":5}},"line":120},"9":{"name":"(anonymous_9)","decl":{"start":{"line":121,"column":74},"end":{"line":121,"column":75}},"loc":{"start":{"line":121,"column":83},"end":{"line":127,"column":9}},"line":121},"10":{"name":"(anonymous_10)","decl":{"start":{"line":128,"column":70},"end":{"line":128,"column":71}},"loc":{"start":{"line":128,"column":79},"end":{"line":132,"column":9}},"line":128},"11":{"name":"(anonymous_11)","decl":{"start":{"line":133,"column":81},"end":{"line":133,"column":82}},"loc":{"start":{"line":133,"column":90},"end":{"line":143,"column":9}},"line":133},"12":{"name":"(anonymous_12)","decl":{"start":{"line":137,"column":34},"end":{"line":137,"column":35}},"loc":{"start":{"line":137,"column":40},"end":{"line":140,"column":13}},"line":137},"13":{"name":"(anonymous_13)","decl":{"start":{"line":149,"column":4},"end":{"line":149,"column":5}},"loc":{"start":{"line":149,"column":23},"end":{"line":153,"column":5}},"line":149},"14":{"name":"(anonymous_14)","decl":{"start":{"line":160,"column":4},"end":{"line":160,"column":5}},"loc":{"start":{"line":160,"column":23},"end":{"line":165,"column":5}},"line":160}},"branchMap":{"0":{"loc":{"start":{"line":32,"column":8},"end":{"line":32,"column":74}},"type":"if","locations":[{"start":{"line":32,"column":8},"end":{"line":32,"column":74}},{"start":{"line":32,"column":8},"end":{"line":32,"column":74}}],"line":32},"1":{"loc":{"start":{"line":51,"column":8},"end":{"line":51,"column":91}},"type":"if","locations":[{"start":{"line":51,"column":8},"end":{"line":51,"column":91}},{"start":{"line":51,"column":8},"end":{"line":51,"column":91}}],"line":51},"2":{"loc":{"start":{"line":53,"column":26},"end":{"line":53,"column":54}},"type":"binary-expr","locations":[{"start":{"line":53,"column":26},"end":{"line":53,"column":41}},{"start":{"line":53,"column":45},"end":{"line":53,"column":54}}],"line":53},"3":{"loc":{"start":{"line":56,"column":12},"end":{"line":56,"column":37}},"type":"if","locations":[{"start":{"line":56,"column":12},"end":{"line":56,"column":37}},{"start":{"line":56,"column":12},"end":{"line":56,"column":37}}],"line":56},"4":{"loc":{"start":{"line":85,"column":8},"end":{"line":88,"column":9}},"type":"if","locations":[{"start":{"line":85,"column":8},"end":{"line":88,"column":9}},{"start":{"line":85,"column":8},"end":{"line":88,"column":9}}],"line":85},"5":{"loc":{"start":{"line":89,"column":8},"end":{"line":89,"column":51}},"type":"if","locations":[{"start":{"line":89,"column":8},"end":{"line":89,"column":51}},{"start":{"line":89,"column":8},"end":{"line":89,"column":51}}],"line":89},"6":{"loc":{"start":{"line":103,"column":8},"end":{"line":103,"column":45}},"type":"if","locations":[{"start":{"line":103,"column":8},"end":{"line":103,"column":45}},{"start":{"line":103,"column":8},"end":{"line":103,"column":45}}],"line":103},"7":{"loc":{"start":{"line":122,"column":12},"end":{"line":122,"column":44}},"type":"if","locations":[{"start":{"line":122,"column":12},"end":{"line":122,"column":44}},{"start":{"line":122,"column":12},"end":{"line":122,"column":44}}],"line":122},"8":{"loc":{"start":{"line":129,"column":12},"end":{"line":129,"column":44}},"type":"if","locations":[{"start":{"line":129,"column":12},"end":{"line":129,"column":44}},{"start":{"line":129,"column":12},"end":{"line":129,"column":44}}],"line":129},"9":{"loc":{"start":{"line":134,"column":12},"end":{"line":134,"column":44}},"type":"if","locations":[{"start":{"line":134,"column":12},"end":{"line":134,"column":44}},{"start":{"line":134,"column":12},"end":{"line":134,"column":44}}],"line":134},"10":{"loc":{"start":{"line":139,"column":16},"end":{"line":139,"column":88}},"type":"if","locations":[{"start":{"line":139,"column":16},"end":{"line":139,"column":88}},{"start":{"line":139,"column":16},"end":{"line":139,"column":88}}],"line":139},"11":{"loc":{"start":{"line":139,"column":20},"end":{"line":139,"column":67}},"type":"binary-expr","locations":[{"start":{"line":139,"column":20},"end":{"line":139,"column":35}},{"start":{"line":139,"column":39},"end":{"line":139,"column":67}}],"line":139}},"s":{"0":1,"1":1,"2":1,"3":1,"4":1,"5":1,"6":1,"7":1,"8":1,"9":1,"10":1,"11":1,"12":1,"13":0,"14":0,"15":0,"16":0,"17":0,"18":0,"19":0,"20":0,"21":0,"22":0,"23":0,"24":0,"25":0,"26":0,"27":0,"28":0,"29":0,"30":0,"31":0,"32":0,"33":0,"34":0,"35":0,"36":0,"37":0,"38":0,"39":0,"40":1,"41":0,"42":0,"43":0,"44":0,"45":0,"46":0,"47":1,"48":0,"49":0,"50":0,"51":0,"52":1,"53":0,"54":0,"55":0,"56":0,"57":0,"58":0,"59":0,"60":0,"61":0,"62":0,"63":0,"64":0,"65":0,"66":0,"67":0,"68":0},"f":{"0":1,"1":0,"2":0,"3":0,"4":0,"5":0,"6":0,"7":0,"8":1,"9":0,"10":0,"11":0,"12":0,"13":0,"14":0},"b":{"0":[1,0],"1":[0,0],"2":[0,0],"3":[0,0],"4":[0,0],"5":[0,0],"6":[0,0],"7":[0,0],"8":[0,0],"9":[0,0],"10":[0,0],"11":[0,0]},"_coverageSchema":"1a1c01bbd47fc00a2c39e90264f33305004495a9","hash":"fcb85adcc5e98ffe90ae844b186720dfc5e143dc"}
,"/home/runner/work/react-native-tcp-socket/react-native-tcp-socket/src/Socket.js": {"path":"/home/runner/work/react-native-tcp-socket/react-native-tcp-socket/src/Socket.js","statementMap":{"0":{"start":{"line":6,"column":16},"end":{"line":6,"column":40}},"1":{"start":{"line":9,"column":14},"end":{"line":13,"column":1}},"2":{"start":{"line":44,"column":8},"end":{"line":44,"column":16}},"3":{"start":{"line":46,"column":8},"end":{"line":46,"column":29}},"4":{"start":{"line":48,"column":8},"end":{"line":48,"column":48}},"5":{"start":{"line":50,"column":8},"end":{"line":50,"column":31}},"6":{"start":{"line":52,"column":8},"end":{"line":52,"column":34}},"7":{"start":{"line":54,"column":8},"end":{"line":54,"column":41}},"8":{"start":{"line":56,"column":8},"end":{"line":56,"column":35}},"9":{"start":{"line":57,"column":8},"end":{"line":57,"column":38}},"10":{"start":{"line":58,"column":8},"end":{"line":58,"column":35}},"11":{"start":{"line":59,"column":8},"end":{"line":59,"column":39}},"12":{"start":{"line":60,"column":8},"end":{"line":60,"column":36}},"13":{"start":{"line":61,"column":8},"end":{"line":61,"column":38}},"14":{"start":{"line":62,"column":8},"end":{"line":62,"column":31}},"15":{"start":{"line":70,"column":8},"end":{"line":70,"column":22}},"16":{"start":{"line":71,"column":8},"end":{"line":71,"column":31}},"17":{"start":{"line":79,"column":8},"end":{"line":79,"column":38}},"18":{"start":{"line":80,"column":8},"end":{"line":80,"column":56}},"19":{"start":{"line":81,"column":8},"end":{"line":81,"column":50}},"20":{"start":{"line":82,"column":8},"end":{"line":82,"column":58}},"21":{"start":{"line":83,"column":8},"end":{"line":83,"column":56}},"22":{"start":{"line":84,"column":8},"end":{"line":84,"column":52}},"23":{"start":{"line":92,"column":8},"end":{"line":92,"column":61}},"24":{"start":{"line":92,"column":36},"end":{"line":92,"column":61}},"25":{"start":{"line":94,"column":30},"end":{"line":94,"column":44}},"26":{"start":{"line":96,"column":8},"end":{"line":96,"column":63}},"27":{"start":{"line":97,"column":8},"end":{"line":97,"column":61}},"28":{"start":{"line":98,"column":8},"end":{"line":100,"column":11}},"29":{"start":{"line":99,"column":12},"end":{"line":99,"column":37}},"30":{"start":{"line":99,"column":26},"end":{"line":99,"column":37}},"31":{"start":{"line":102,"column":8},"end":{"line":103,"column":54}},"32":{"start":{"line":102,"column":35},"end":{"line":102,"column":74}},"33":{"start":{"line":103,"column":13},"end":{"line":103,"column":54}},"34":{"start":{"line":103,"column":32},"end":{"line":103,"column":54}},"35":{"start":{"line":105,"column":8},"end":{"line":107,"column":9}},"36":{"start":{"line":106,"column":12},"end":{"line":106,"column":88}},"37":{"start":{"line":109,"column":8},"end":{"line":109,"column":39}},"38":{"start":{"line":110,"column":8},"end":{"line":110,"column":32}},"39":{"start":{"line":111,"column":8},"end":{"line":111,"column":89}},"40":{"start":{"line":112,"column":8},"end":{"line":112,"column":20}},"41":{"start":{"line":129,"column":8},"end":{"line":133,"column":9}},"42":{"start":{"line":130,"column":12},"end":{"line":130,"column":33}},"43":{"start":{"line":132,"column":12},"end":{"line":132,"column":41}},"44":{"start":{"line":134,"column":8},"end":{"line":134,"column":53}},"45":{"start":{"line":134,"column":22},"end":{"line":134,"column":53}},"46":{"start":{"line":135,"column":8},"end":{"line":135,"column":20}},"47":{"start":{"line":143,"column":8},"end":{"line":143,"column":64}},"48":{"start":{"line":143,"column":35},"end":{"line":143,"column":64}},"49":{"start":{"line":144,"column":8},"end":{"line":144,"column":29}},"50":{"start":{"line":145,"column":8},"end":{"line":148,"column":31}},"51":{"start":{"line":146,"column":12},"end":{"line":146,"column":33}},"52":{"start":{"line":147,"column":12},"end":{"line":147,"column":33}},"53":{"start":{"line":155,"column":8},"end":{"line":158,"column":9}},"54":{"start":{"line":156,"column":12},"end":{"line":156,"column":40}},"55":{"start":{"line":157,"column":12},"end":{"line":157,"column":38}},"56":{"start":{"line":171,"column":8},"end":{"line":171,"column":34}},"57":{"start":{"line":172,"column":8},"end":{"line":172,"column":20}},"58":{"start":{"line":185,"column":8},"end":{"line":188,"column":9}},"59":{"start":{"line":186,"column":12},"end":{"line":186,"column":65}},"60":{"start":{"line":186,"column":39},"end":{"line":186,"column":63}},"61":{"start":{"line":187,"column":12},"end":{"line":187,"column":24}},"62":{"start":{"line":189,"column":8},"end":{"line":189,"column":46}},"63":{"start":{"line":190,"column":8},"end":{"line":190,"column":20}},"64":{"start":{"line":202,"column":8},"end":{"line":205,"column":9}},"65":{"start":{"line":203,"column":12},"end":{"line":203,"column":80}},"66":{"start":{"line":203,"column":39},"end":{"line":203,"column":78}},"67":{"start":{"line":204,"column":12},"end":{"line":204,"column":24}},"68":{"start":{"line":207,"column":8},"end":{"line":211,"column":9}},"69":{"start":{"line":208,"column":12},"end":{"line":210,"column":14}},"70":{"start":{"line":213,"column":8},"end":{"line":213,"column":73}},"71":{"start":{"line":214,"column":8},"end":{"line":214,"column":20}},"72":{"start":{"line":224,"column":8},"end":{"line":224,"column":42}},"73":{"start":{"line":224,"column":32},"end":{"line":224,"column":42}},"74":{"start":{"line":225,"column":8},"end":{"line":225,"column":95}},"75":{"start":{"line":233,"column":8},"end":{"line":233,"column":36}},"76":{"start":{"line":233,"column":29},"end":{"line":233,"column":36}},"77":{"start":{"line":234,"column":8},"end":{"line":243,"column":9}},"78":{"start":{"line":235,"column":12},"end":{"line":238,"column":15}},"79":{"start":{"line":236,"column":16},"end":{"line":236,"column":39}},"80":{"start":{"line":237,"column":16},"end":{"line":237,"column":38}},"81":{"start":{"line":240,"column":12},"end":{"line":240,"column":35}},"82":{"start":{"line":241,"column":12},"end":{"line":241,"column":33}},"83":{"start":{"line":242,"column":12},"end":{"line":242,"column":34}},"84":{"start":{"line":247,"column":8},"end":{"line":251,"column":9}},"85":{"start":{"line":248,"column":12},"end":{"line":248,"column":35}},"86":{"start":{"line":249,"column":12},"end":{"line":249,"column":33}},"87":{"start":{"line":250,"column":12},"end":{"line":250,"column":38}},"88":{"start":{"line":264,"column":21},"end":{"line":264,"column":25}},"89":{"start":{"line":265,"column":8},"end":{"line":265,"column":92}},"90":{"start":{"line":265,"column":48},"end":{"line":265,"column":92}},"91":{"start":{"line":267,"column":8},"end":{"line":267,"column":42}},"92":{"start":{"line":268,"column":32},"end":{"line":268,"column":74}},"93":{"start":{"line":269,"column":8},"end":{"line":282,"column":10}},"94":{"start":{"line":276,"column":16},"end":{"line":276,"column":57}},"95":{"start":{"line":276,"column":35},"end":{"line":276,"column":57}},"96":{"start":{"line":277,"column":16},"end":{"line":280,"column":17}},"97":{"start":{"line":278,"column":20},"end":{"line":278,"column":50}},"98":{"start":{"line":278,"column":29},"end":{"line":278,"column":50}},"99":{"start":{"line":279,"column":20},"end":{"line":279,"column":35}},"100":{"start":{"line":286,"column":8},"end":{"line":286,"column":93}},"101":{"start":{"line":290,"column":8},"end":{"line":290,"column":95}},"102":{"start":{"line":297,"column":8},"end":{"line":297,"column":33}},"103":{"start":{"line":298,"column":8},"end":{"line":303,"column":11}},"104":{"start":{"line":299,"column":12},"end":{"line":299,"column":44}},"105":{"start":{"line":299,"column":37},"end":{"line":299,"column":44}},"106":{"start":{"line":300,"column":31},"end":{"line":300,"column":62}},"107":{"start":{"line":301,"column":30},"end":{"line":301,"column":95}},"108":{"start":{"line":302,"column":12},"end":{"line":302,"column":41}},"109":{"start":{"line":304,"column":8},"end":{"line":308,"column":11}},"110":{"start":{"line":305,"column":12},"end":{"line":305,"column":44}},"111":{"start":{"line":305,"column":37},"end":{"line":305,"column":44}},"112":{"start":{"line":306,"column":12},"end":{"line":306,"column":27}},"113":{"start":{"line":307,"column":12},"end":{"line":307,"column":42}},"114":{"start":{"line":309,"column":8},"end":{"line":313,"column":11}},"115":{"start":{"line":310,"column":12},"end":{"line":310,"column":44}},"116":{"start":{"line":310,"column":37},"end":{"line":310,"column":44}},"117":{"start":{"line":311,"column":12},"end":{"line":311,"column":36}},"118":{"start":{"line":312,"column":12},"end":{"line":312,"column":42}},"119":{"start":{"line":314,"column":8},"end":{"line":318,"column":11}},"120":{"start":{"line":315,"column":12},"end":{"line":315,"column":44}},"121":{"start":{"line":315,"column":37},"end":{"line":315,"column":44}},"122":{"start":{"line":316,"column":12},"end":{"line":316,"column":47}},"123":{"start":{"line":317,"column":12},"end":{"line":317,"column":33}},"124":{"start":{"line":325,"column":8},"end":{"line":325,"column":37}},"125":{"start":{"line":326,"column":8},"end":{"line":326,"column":38}},"126":{"start":{"line":327,"column":8},"end":{"line":327,"column":38}},"127":{"start":{"line":328,"column":8},"end":{"line":328,"column":40}},"128":{"start":{"line":337,"column":8},"end":{"line":347,"column":9}},"129":{"start":{"line":338,"column":12},"end":{"line":338,"column":49}},"130":{"start":{"line":339,"column":15},"end":{"line":347,"column":9}},"131":{"start":{"line":340,"column":12},"end":{"line":340,"column":26}},"132":{"start":{"line":341,"column":15},"end":{"line":347,"column":9}},"133":{"start":{"line":342,"column":12},"end":{"line":342,"column":39}},"134":{"start":{"line":344,"column":12},"end":{"line":346,"column":14}},"135":{"start":{"line":354,"column":8},"end":{"line":354,"column":55}},"136":{"start":{"line":354,"column":48},"end":{"line":354,"column":55}},"137":{"start":{"line":355,"column":8},"end":{"line":355,"column":33}},"138":{"start":{"line":356,"column":8},"end":{"line":356,"column":41}}},"fnMap":{"0":{"name":"(anonymous_0)","decl":{"start":{"line":43,"column":4},"end":{"line":43,"column":5}},"loc":{"start":{"line":43,"column":18},"end":{"line":63,"column":5}},"line":43},"1":{"name":"(anonymous_1)","decl":{"start":{"line":69,"column":4},"end":{"line":69,"column":5}},"loc":{"start":{"line":69,"column":15},"end":{"line":72,"column":5}},"line":69},"2":{"name":"(anonymous_2)","decl":{"start":{"line":78,"column":4},"end":{"line":78,"column":5}},"loc":{"start":{"line":78,"column":34},"end":{"line":85,"column":5}},"line":78},"3":{"name":"(anonymous_3)","decl":{"start":{"line":91,"column":4},"end":{"line":91,"column":5}},"loc":{"start":{"line":91,"column":31},"end":{"line":113,"column":5}},"line":91},"4":{"name":"(anonymous_4)","decl":{"start":{"line":98,"column":29},"end":{"line":98,"column":30}},"loc":{"start":{"line":98,"column":35},"end":{"line":100,"column":9}},"line":98},"5":{"name":"(anonymous_5)","decl":{"start":{"line":128,"column":4},"end":{"line":128,"column":5}},"loc":{"start":{"line":128,"column":34},"end":{"line":136,"column":5}},"line":128},"6":{"name":"(anonymous_6)","decl":{"start":{"line":142,"column":4},"end":{"line":142,"column":5}},"loc":{"start":{"line":142,"column":28},"end":{"line":149,"column":5}},"line":142},"7":{"name":"(anonymous_7)","decl":{"start":{"line":145,"column":35},"end":{"line":145,"column":36}},"loc":{"start":{"line":145,"column":41},"end":{"line":148,"column":9}},"line":145},"8":{"name":"(anonymous_8)","decl":{"start":{"line":154,"column":4},"end":{"line":154,"column":5}},"loc":{"start":{"line":154,"column":20},"end":{"line":159,"column":5}},"line":154},"9":{"name":"(anonymous_9)","decl":{"start":{"line":170,"column":4},"end":{"line":170,"column":5}},"loc":{"start":{"line":170,"column":26},"end":{"line":173,"column":5}},"line":170},"10":{"name":"(anonymous_10)","decl":{"start":{"line":184,"column":4},"end":{"line":184,"column":5}},"loc":{"start":{"line":184,"column":31},"end":{"line":191,"column":5}},"line":184},"11":{"name":"(anonymous_11)","decl":{"start":{"line":186,"column":33},"end":{"line":186,"column":34}},"loc":{"start":{"line":186,"column":39},"end":{"line":186,"column":63}},"line":186},"12":{"name":"(anonymous_12)","decl":{"start":{"line":201,"column":4},"end":{"line":201,"column":5}},"loc":{"start":{"line":201,"column":51},"end":{"line":215,"column":5}},"line":201},"13":{"name":"(anonymous_13)","decl":{"start":{"line":203,"column":33},"end":{"line":203,"column":34}},"loc":{"start":{"line":203,"column":39},"end":{"line":203,"column":78}},"line":203},"14":{"name":"(anonymous_14)","decl":{"start":{"line":223,"column":4},"end":{"line":223,"column":5}},"loc":{"start":{"line":223,"column":14},"end":{"line":226,"column":5}},"line":223},"15":{"name":"(anonymous_15)","decl":{"start":{"line":232,"column":4},"end":{"line":232,"column":5}},"loc":{"start":{"line":232,"column":24},"end":{"line":244,"column":5}},"line":232},"16":{"name":"(anonymous_16)","decl":{"start":{"line":235,"column":39},"end":{"line":235,"column":40}},"loc":{"start":{"line":235,"column":45},"end":{"line":238,"column":13}},"line":235},"17":{"name":"(anonymous_17)","decl":{"start":{"line":246,"column":4},"end":{"line":246,"column":5}},"loc":{"start":{"line":246,"column":14},"end":{"line":252,"column":5}},"line":246},"18":{"name":"(anonymous_18)","decl":{"start":{"line":263,"column":4},"end":{"line":263,"column":5}},"loc":{"start":{"line":263,"column":38},"end":{"line":283,"column":5}},"line":263},"19":{"name":"(anonymous_19)","decl":{"start":{"line":267,"column":32},"end":{"line":267,"column":33}},"loc":{"start":{"line":267,"column":38},"end":{"line":267,"column":40}},"line":267},"20":{"name":"(anonymous_20)","decl":{"start":{"line":275,"column":12},"end":{"line":275,"column":13}},"loc":{"start":{"line":275,"column":26},"end":{"line":281,"column":13}},"line":275},"21":{"name":"(anonymous_21)","decl":{"start":{"line":285,"column":4},"end":{"line":285,"column":5}},"loc":{"start":{"line":285,"column":10},"end":{"line":287,"column":5}},"line":285},"22":{"name":"(anonymous_22)","decl":{"start":{"line":289,"column":4},"end":{"line":289,"column":5}},"loc":{"start":{"line":289,"column":12},"end":{"line":291,"column":5}},"line":289},"23":{"name":"(anonymous_23)","decl":{"start":{"line":296,"column":4},"end":{"line":296,"column":5}},"loc":{"start":{"line":296,"column":22},"end":{"line":319,"column":5}},"line":296},"24":{"name":"(anonymous_24)","decl":{"start":{"line":298,"column":68},"end":{"line":298,"column":69}},"loc":{"start":{"line":298,"column":77},"end":{"line":303,"column":9}},"line":298},"25":{"name":"(anonymous_25)","decl":{"start":{"line":304,"column":70},"end":{"line":304,"column":71}},"loc":{"start":{"line":304,"column":79},"end":{"line":308,"column":9}},"line":304},"26":{"name":"(anonymous_26)","decl":{"start":{"line":309,"column":70},"end":{"line":309,"column":71}},"loc":{"start":{"line":309,"column":79},"end":{"line":313,"column":9}},"line":309},"27":{"name":"(anonymous_27)","decl":{"start":{"line":314,"column":74},"end":{"line":314,"column":75}},"loc":{"start":{"line":314,"column":83},"end":{"line":318,"column":9}},"line":314},"28":{"name":"(anonymous_28)","decl":{"start":{"line":324,"column":4},"end":{"line":324,"column":5}},"loc":{"start":{"line":324,"column":24},"end":{"line":329,"column":5}},"line":324},"29":{"name":"(anonymous_29)","decl":{"start":{"line":336,"column":4},"end":{"line":336,"column":5}},"loc":{"start":{"line":336,"column":42},"end":{"line":348,"column":5}},"line":336},"30":{"name":"(anonymous_30)","decl":{"start":{"line":353,"column":4},"end":{"line":353,"column":5}},"loc":{"start":{"line":353,"column":23},"end":{"line":357,"column":5}},"line":353}},"branchMap":{"0":{"loc":{"start":{"line":92,"column":8},"end":{"line":92,"column":61}},"type":"if","locations":[{"start":{"line":92,"column":8},"end":{"line":92,"column":61}},{"start":{"line":92,"column":8},"end":{"line":92,"column":61}}],"line":92},"1":{"loc":{"start":{"line":96,"column":29},"end":{"line":96,"column":62}},"type":"binary-expr","locations":[{"start":{"line":96,"column":29},"end":{"line":96,"column":47}},{"start":{"line":96,"column":51},"end":{"line":96,"column":62}}],"line":96},"2":{"loc":{"start":{"line":97,"column":29},"end":{"line":97,"column":60}},"type":"binary-expr","locations":[{"start":{"line":97,"column":29},"end":{"line":97,"column":55}},{"start":{"line":97,"column":59},"end":{"line":97,"column":60}}],"line":97},"3":{"loc":{"start":{"line":99,"column":12},"end":{"line":99,"column":37}},"type":"if","locations":[{"start":{"line":99,"column":12},"end":{"line":99,"column":37}},{"start":{"line":99,"column":12},"end":{"line":99,"column":37}}],"line":99},"4":{"loc":{"start":{"line":102,"column":8},"end":{"line":103,"column":54}},"type":"if","locations":[{"start":{"line":102,"column":8},"end":{"line":103,"column":54}},{"start":{"line":102,"column":8},"end":{"line":103,"column":54}}],"line":102},"5":{"loc":{"start":{"line":103,"column":13},"end":{"line":103,"column":54}},"type":"if","locations":[{"start":{"line":103,"column":13},"end":{"line":103,"column":54}},{"start":{"line":103,"column":13},"end":{"line":103,"column":54}}],"line":103},"6":{"loc":{"start":{"line":105,"column":8},"end":{"line":107,"column":9}},"type":"if","locations":[{"start":{"line":105,"column":8},"end":{"line":107,"column":9}},{"start":{"line":105,"column":8},"end":{"line":107,"column":9}}],"line":105},"7":{"loc":{"start":{"line":129,"column":8},"end":{"line":133,"column":9}},"type":"if","locations":[{"start":{"line":129,"column":8},"end":{"line":133,"column":9}},{"start":{"line":129,"column":8},"end":{"line":133,"column":9}}],"line":129},"8":{"loc":{"start":{"line":134,"column":8},"end":{"line":134,"column":53}},"type":"if","locations":[{"start":{"line":134,"column":8},"end":{"line":134,"column":53}},{"start":{"line":134,"column":8},"end":{"line":134,"column":53}}],"line":134},"9":{"loc":{"start":{"line":143,"column":8},"end":{"line":143,"column":64}},"type":"if","locations":[{"start":{"line":143,"column":8},"end":{"line":143,"column":64}},{"start":{"line":143,"column":8},"end":{"line":143,"column":64}}],"line":143},"10":{"loc":{"start":{"line":155,"column":8},"end":{"line":158,"column":9}},"type":"if","locations":[{"start":{"line":155,"column":8},"end":{"line":158,"column":9}},{"start":{"line":155,"column":8},"end":{"line":158,"column":9}}],"line":155},"11":{"loc":{"start":{"line":184,"column":15},"end":{"line":184,"column":29}},"type":"default-arg","locations":[{"start":{"line":184,"column":25},"end":{"line":184,"column":29}}],"line":184},"12":{"loc":{"start":{"line":185,"column":8},"end":{"line":188,"column":9}},"type":"if","locations":[{"start":{"line":185,"column":8},"end":{"line":188,"column":9}},{"start":{"line":185,"column":8},"end":{"line":188,"column":9}}],"line":185},"13":{"loc":{"start":{"line":201,"column":17},"end":{"line":201,"column":31}},"type":"default-arg","locations":[{"start":{"line":201,"column":26},"end":{"line":201,"column":31}}],"line":201},"14":{"loc":{"start":{"line":201,"column":33},"end":{"line":201,"column":49}},"type":"default-arg","locations":[{"start":{"line":201,"column":48},"end":{"line":201,"column":49}}],"line":201},"15":{"loc":{"start":{"line":202,"column":8},"end":{"line":205,"column":9}},"type":"if","locations":[{"start":{"line":202,"column":8},"end":{"line":205,"column":9}},{"start":{"line":202,"column":8},"end":{"line":205,"column":9}}],"line":202},"16":{"loc":{"start":{"line":207,"column":8},"end":{"line":211,"column":9}},"type":"if","locations":[{"start":{"line":207,"column":8},"end":{"line":211,"column":9}},{"start":{"line":207,"column":8},"end":{"line":211,"column":9}}],"line":207},"17":{"loc":{"start":{"line":224,"column":8},"end":{"line":224,"column":42}},"type":"if","locations":[{"start":{"line":224,"column":8},"end":{"line":224,"column":42}},{"start":{"line":224,"column":8},"end":{"line":224,"column":42}}],"line":224},"18":{"loc":{"start":{"line":233,"column":8},"end":{"line":233,"column":36}},"type":"if","locations":[{"start":{"line":233,"column":8},"end":{"line":233,"column":36}},{"start":{"line":233,"column":8},"end":{"line":233,"column":36}}],"line":233},"19":{"loc":{"start":{"line":234,"column":8},"end":{"line":243,"column":9}},"type":"if","locations":[{"start":{"line":234,"column":8},"end":{"line":243,"column":9}},{"start":{"line":234,"column":8},"end":{"line":243,"column":9}}],"line":234},"20":{"loc":{"start":{"line":247,"column":8},"end":{"line":251,"column":9}},"type":"if","locations":[{"start":{"line":247,"column":8},"end":{"line":251,"column":9}},{"start":{"line":247,"column":8},"end":{"line":251,"column":9}}],"line":247},"21":{"loc":{"start":{"line":265,"column":8},"end":{"line":265,"column":92}},"type":"if","locations":[{"start":{"line":265,"column":8},"end":{"line":265,"column":92}},{"start":{"line":265,"column":8},"end":{"line":265,"column":92}}],"line":265},"22":{"loc":{"start":{"line":267,"column":19},"end":{"line":267,"column":41}},"type":"binary-expr","locations":[{"start":{"line":267,"column":19},"end":{"line":267,"column":27}},{"start":{"line":267,"column":32},"end":{"line":267,"column":40}}],"line":267},"23":{"loc":{"start":{"line":276,"column":16},"end":{"line":276,"column":57}},"type":"if","locations":[{"start":{"line":276,"column":16},"end":{"line":276,"column":57}},{"start":{"line":276,"column":16},"end":{"line":276,"column":57}}],"line":276},"24":{"loc":{"start":{"line":277,"column":16},"end":{"line":280,"column":17}},"type":"if","locations":[{"start":{"line":277,"column":16},"end":{"line":280,"column":17}},{"start":{"line":277,"column":16},"end":{"line":280,"column":17}}],"line":277},"25":{"loc":{"start":{"line":278,"column":20},"end":{"line":278,"column":50}},"type":"if","locations":[{"start":{"line":278,"column":20},"end":{"line":278,"column":50}},{"start":{"line":278,"column":20},"end":{"line":278,"column":50}}],"line":278},"26":{"loc":{"start":{"line":299,"column":12},"end":{"line":299,"column":44}},"type":"if","locations":[{"start":{"line":299,"column":12},"end":{"line":299,"column":44}},{"start":{"line":299,"column":12},"end":{"line":299,"column":44}}],"line":299},"27":{"loc":{"start":{"line":301,"column":30},"end":{"line":301,"column":95}},"type":"cond-expr","locations":[{"start":{"line":301,"column":47},"end":{"line":301,"column":82}},{"start":{"line":301,"column":85},"end":{"line":301,"column":95}}],"line":301},"28":{"loc":{"start":{"line":305,"column":12},"end":{"line":305,"column":44}},"type":"if","locations":[{"start":{"line":305,"column":12},"end":{"line":305,"column":44}},{"start":{"line":305,"column":12},"end":{"line":305,"column":44}}],"line":305},"29":{"loc":{"start":{"line":310,"column":12},"end":{"line":310,"column":44}},"type":"if","locations":[{"start":{"line":310,"column":12},"end":{"line":310,"column":44}},{"start":{"line":310,"column":12},"end":{"line":310,"column":44}}],"line":310},"30":{"loc":{"start":{"line":315,"column":12},"end":{"line":315,"column":44}},"type":"if","locations":[{"start":{"line":315,"column":12},"end":{"line":315,"column":44}},{"start":{"line":315,"column":12},"end":{"line":315,"column":44}}],"line":315},"31":{"loc":{"start":{"line":337,"column":8},"end":{"line":347,"column":9}},"type":"if","locations":[{"start":{"line":337,"column":8},"end":{"line":347,"column":9}},{"start":{"line":337,"column":8},"end":{"line":347,"column":9}}],"line":337},"32":{"loc":{"start":{"line":339,"column":15},"end":{"line":347,"column":9}},"type":"if","locations":[{"start":{"line":339,"column":15},"end":{"line":347,"column":9}},{"start":{"line":339,"column":15},"end":{"line":347,"column":9}}],"line":339},"33":{"loc":{"start":{"line":341,"column":15},"end":{"line":347,"column":9}},"type":"if","locations":[{"start":{"line":341,"column":15},"end":{"line":347,"column":9}},{"start":{"line":341,"column":15},"end":{"line":347,"column":9}}],"line":341},"34":{"loc":{"start":{"line":341,"column":19},"end":{"line":341,"column":72}},"type":"binary-expr","locations":[{"start":{"line":341,"column":19},"end":{"line":341,"column":47}},{"start":{"line":341,"column":51},"end":{"line":341,"column":72}}],"line":341},"35":{"loc":{"start":{"line":354,"column":8},"end":{"line":354,"column":55}},"type":"if","locations":[{"start":{"line":354,"column":8},"end":{"line":354,"column":55}},{"start":{"line":354,"column":8},"end":{"line":354,"column":55}}],"line":354}},"s":{"0":1,"1":1,"2":1,"3":1,"4":1,"5":1,"6":1,"7":1,"8":1,"9":1,"10":1,"11":1,"12":1,"13":1,"14":1,"15":1,"16":1,"17":0,"18":0,"19":0,"20":0,"21":0,"22":0,"23":1,"24":1,"25":1,"26":1,"27":1,"28":1,"29":0,"30":0,"31":1,"32":0,"33":1,"34":0,"35":1,"36":0,"37":1,"38":1,"39":1,"40":1,"41":0,"42":0,"43":0,"44":0,"45":0,"46":0,"47":0,"48":0,"49":0,"50":0,"51":0,"52":0,"53":0,"54":0,"55":0,"56":0,"57":0,"58":0,"59":0,"60":0,"61":0,"62":0,"63":0,"64":0,"65":0,"66":0,"67":0,"68":0,"69":0,"70":0,"71":0,"72":0,"73":0,"74":0,"75":0,"76":0,"77":0,"78":0,"79":0,"80":0,"81":0,"82":0,"83":0,"84":0,"85":0,"86":0,"87":0,"88":0,"89":0,"90":0,"91":0,"92":0,"93":0,"94":0,"95":0,"96":0,"97":0,"98":0,"99":0,"100":0,"101":0,"102":2,"103":2,"104":0,"105":0,"106":0,"107":0,"108":0,"109":2,"110":0,"111":0,"112":0,"113":0,"114":2,"115":0,"116":0,"117":0,"118":0,"119":2,"120":0,"121":0,"122":0,"123":0,"124":2,"125":2,"126":2,"127":2,"128":0,"129":0,"130":0,"131":0,"132":0,"133":0,"134":0,"135":0,"136":0,"137":0,"138":0},"f":{"0":1,"1":1,"2":0,"3":1,"4":0,"5":0,"6":0,"7":0,"8":0,"9":0,"10":0,"11":0,"12":0,"13":0,"14":0,"15":0,"16":0,"17":0,"18":0,"19":0,"20":0,"21":0,"22":0,"23":2,"24":0,"25":0,"26":0,"27":0,"28":2,"29":0,"30":0},"b":{"0":[1,0],"1":[1,0],"2":[1,0],"3":[0,0],"4":[0,1],"5":[0,1],"6":[0,1],"7":[0,0],"8":[0,0],"9":[0,0],"10":[0,0],"11":[0],"12":[0,0],"13":[0],"14":[0],"15":[0,0],"16":[0,0],"17":[0,0],"18":[0,0],"19":[0,0],"20":[0,0],"21":[0,0],"22":[0,0],"23":[0,0],"24":[0,0],"25":[0,0],"26":[0,0],"27":[0,0],"28":[0,0],"29":[0,0],"30":[0,0],"31":[0,0],"32":[0,0],"33":[0,0],"34":[0,0],"35":[0,0]},"_coverageSchema":"1a1c01bbd47fc00a2c39e90264f33305004495a9","hash":"19375fe0b4cf3a8f7e110705e13229db8d2df8ad"}
,"/home/runner/work/react-native-tcp-socket/react-native-tcp-socket/src/index.js": {"path":"/home/runner/work/react-native-tcp-socket/react-native-tcp-socket/src/index.js","statementMap":{"0":{"start":{"line":11,"column":4},"end":{"line":11,"column":42}},"1":{"start":{"line":20,"column":22},"end":{"line":20,"column":34}},"2":{"start":{"line":21,"column":4},"end":{"line":21,"column":48}},"3":{"start":{"line":27,"column":0},"end":{"line":27,"column":68}}},"fnMap":{"0":{"name":"createServer","decl":{"start":{"line":10,"column":9},"end":{"line":10,"column":21}},"loc":{"start":{"line":10,"column":42},"end":{"line":12,"column":1}},"line":10},"1":{"name":"createConnection","decl":{"start":{"line":19,"column":9},"end":{"line":19,"column":25}},"loc":{"start":{"line":19,"column":45},"end":{"line":22,"column":1}},"line":19}},"branchMap":{},"s":{"0":1,"1":1,"2":1,"3":1},"f":{"0":1,"1":1},"b":{},"_coverageSchema":"1a1c01bbd47fc00a2c39e90264f33305004495a9","hash":"e3d8121e43d2668e851c390373420c8fe78d7d0e"}
}
